Log file open, 07/09/23 11:54:52
LogWindows: Failed to load 'aqProf.dll' (GetLastError=126)
LogWindows: File 'aqProf.dll' does not exist
LogWindows: Failed to load 'VtuneApi.dll' (GetLastError=126)
LogWindows: File 'VtuneApi.dll' does not exist
LogWindows: Failed to load 'VtuneApi32e.dll' (GetLastError=126)
LogWindows: File 'VtuneApi32e.dll' does not exist
LogConsoleResponse: Display: Failed to find resolution value strings in scalability ini. Falling back to default.
LogConsoleResponse: Display: Failed to find resolution value strings in scalability ini. Falling back to default.
LogInit: Display: Running engine for game: TDS_BB
LogPlatformFile: Not using cached read wrapper
LogTaskGraph: Started task graph with 5 named threads and 11 total threads with 3 sets of task threads.
LogStats: Stats thread started at 0.515207
LogICUInternationalization: ICU TimeZone Detection - Raw Offset: +1:00, Platform Override: ''
LogInit: Display: Loading text-based GConfig....
LogPluginManager: Mounting plugin MeshPainting
LogPluginManager: Mounting plugin XGEController
LogPluginManager: Mounting plugin AISupport
LogPluginManager: Mounting plugin Paper2D
LogPluginManager: Mounting plugin EnvironmentQueryEditor
LogPluginManager: Mounting plugin LightPropagationVolume
LogPluginManager: Mounting plugin LiveLink
LogPluginManager: Mounting plugin GameplayCameras
LogPluginManager: Mounting plugin CameraShakePreviewer
LogPluginManager: Mounting plugin OodleData
LogPluginManager: Mounting plugin OodleNetwork
LogPluginManager: Mounting plugin AnimationSharing
LogPluginManager: Mounting plugin CLionSourceCodeAccess
LogPluginManager: Mounting plugin CodeLiteSourceCodeAccess
LogPluginManager: Mounting plugin GitSourceControl
LogPluginManager: Mounting plugin KDevelopSourceCodeAccess
LogPluginManager: Mounting plugin NullSourceCodeAccess
LogPluginManager: Mounting plugin PerforceSourceControl
LogPluginManager: Mounting plugin PixWinPlugin
LogPluginManager: Mounting plugin PlasticSourceControl
LogPluginManager: Mounting plugin PluginUtils
LogPluginManager: Mounting plugin PropertyAccessNode
LogPluginManager: Mounting plugin RiderSourceCodeAccess
LogPluginManager: Mounting plugin SubversionSourceControl
LogPluginManager: Mounting plugin TextureFormatOodle
LogPluginManager: Mounting plugin UObjectPlugin
LogPluginManager: Mounting plugin VisualStudioCodeSourceCodeAccess
LogPluginManager: Mounting plugin VisualStudioSourceCodeAccess
LogPluginManager: Mounting plugin XCodeSourceCodeAccess
LogPluginManager: Mounting plugin AssetManagerEditor
LogPluginManager: Mounting plugin CryptoKeys
LogPluginManager: Mounting plugin CurveEditorTools
LogPluginManager: Mounting plugin DataValidation
LogPluginManager: Mounting plugin FacialAnimation
LogPluginManager: Mounting plugin GameplayTagsEditor
LogPluginManager: Mounting plugin GeometryMode
LogPluginManager: Mounting plugin MacGraphicsSwitching
LogPluginManager: Mounting plugin MaterialAnalyzer
LogPluginManager: Mounting plugin MobileLauncherProfileWizard
LogPluginManager: Mounting plugin PluginBrowser
LogPluginManager: Mounting plugin SpeedTreeImporter
LogPluginManager: Mounting plugin DatasmithContent
LogPluginManager: Mounting plugin VariantManagerContent
LogPluginManager: Mounting plugin Niagara
LogPluginManager: Mounting plugin AlembicImporter
LogPluginManager: Mounting plugin AutomationUtils
LogPluginManager: Mounting plugin BackChannel
LogPluginManager: Mounting plugin ChaosCloth
LogPluginManager: Mounting plugin ChaosClothEditor
LogPluginManager: Mounting plugin ChaosEditor
LogPluginManager: Mounting plugin ChaosNiagara
LogPluginManager: Mounting plugin ChaosSolverPlugin
LogPluginManager: Mounting plugin CharacterAI
LogPluginManager: Mounting plugin GeometryCache
LogPluginManager: Mounting plugin GeometryCollectionPlugin
LogPluginManager: Mounting plugin GeometryProcessing
LogPluginManager: Mounting plugin MotoSynth
LogPluginManager: Mounting plugin OpenImageDenoise
LogPluginManager: Mounting plugin PlanarCut
LogPluginManager: Mounting plugin PlatformCrypto
LogPluginManager: Mounting plugin ProxyLODPlugin
LogPluginManager: Mounting plugin LuminPlatformFeatures
LogPluginManager: Mounting plugin PythonScriptPlugin
LogPluginManager: Mounting plugin MagicLeap
LogPluginManager: Mounting plugin MagicLeapLightEstimation
LogPluginManager: Mounting plugin MagicLeapMedia
LogPluginManager: Mounting plugin MagicLeapPassableWorld
LogPluginManager: Mounting plugin SkeletalReduction
LogPluginManager: Mounting plugin MLSDK
LogPluginManager: Mounting plugin AndroidMedia
LogPluginManager: Mounting plugin AvfMedia
LogPluginManager: Mounting plugin ImgMedia
LogPluginManager: Mounting plugin MediaCompositing
LogPluginManager: Mounting plugin MediaPlayerEditor
LogPluginManager: Mounting plugin WebMMedia
LogPluginManager: Mounting plugin WmfMedia
LogPluginManager: Mounting plugin TcpMessaging
LogPluginManager: Mounting plugin UdpMessaging
LogPluginManager: Mounting plugin ActorSequence
LogPluginManager: Mounting plugin LevelSequenceEditor
LogPluginManager: Mounting plugin MatineeToLevelSequence
LogPluginManager: Mounting plugin TemplateSequence
LogPluginManager: Mounting plugin OnlineSubsystem
LogPluginManager: Mounting plugin OnlineSubsystemNull
LogPluginManager: Mounting plugin OnlineSubsystemUtils
LogPluginManager: Mounting plugin LauncherChunkInstaller
LogPluginManager: Mounting plugin ActorLayerUtilities
LogPluginManager: Mounting plugin AndroidMoviePlayer
LogPluginManager: Mounting plugin AndroidDeviceProfileSelector
LogPluginManager: Mounting plugin AndroidPermission
LogPluginManager: Mounting plugin AppleImageUtils
LogPluginManager: Mounting plugin AppleMoviePlayer
LogPluginManager: Mounting plugin ArchVisCharacter
LogPluginManager: Mounting plugin AssetTags
LogPluginManager: Mounting plugin AudioCapture
LogPluginManager: Mounting plugin AudioSynesthesia
LogPluginManager: Mounting plugin CableComponent
LogPluginManager: Mounting plugin ChunkDownloader
LogPluginManager: Mounting plugin CustomMeshComponent
LogPluginManager: Mounting plugin EditableMesh
LogPluginManager: Mounting plugin ExampleDeviceProfileSelector
LogPluginManager: Mounting plugin GoogleCloudMessaging
LogPluginManager: Mounting plugin GooglePAD
LogPluginManager: Mounting plugin IOSDeviceProfileSelector
LogPluginManager: Mounting plugin LinuxDeviceProfileSelector
LogPluginManager: Mounting plugin LocationServicesBPLibrary
LogPluginManager: Mounting plugin MobilePatchingUtils
LogPluginManager: Mounting plugin OpenXR
LogPluginManager: Mounting plugin OpenXREyeTracker
LogPluginManager: Mounting plugin OpenXRHandTracking
LogPluginManager: Mounting plugin PhysXVehicles
LogPluginManager: Mounting plugin ScreenshotTools
LogPluginManager: Mounting plugin PostSplashScreen
LogPluginManager: Mounting plugin ProceduralMeshComponent
LogPluginManager: Mounting plugin PropertyAccessEditor
LogPluginManager: Mounting plugin RuntimePhysXCooking
LogPluginManager: Mounting plugin SignificanceManager
LogPluginManager: Mounting plugin SoundFields
LogPluginManager: Mounting plugin Synthesis
LogPluginManager: Mounting plugin WebMMoviePlayer
LogPluginManager: Mounting plugin WindowsMoviePlayer
LogPluginManager: Mounting plugin Takes
LogPluginManager: Mounting plugin ContentBrowserAssetDataSource
LogPluginManager: Mounting plugin ContentBrowserClassDataSource
LogPluginManager: Mounting plugin ContentBrowserFileDataSource
LogPluginManager: Mounting plugin OnlineSubsystemGooglePlay
LogPluginManager: Mounting plugin OnlineSubsystemIOS
LogPluginManager: Mounting plugin OculusVR
LogPluginManager: Mounting plugin SteamVR
PixWinPlugin: PIX capture plugin failed to initialize! Check that the process is launched from PIX.
LogLuminAPIImpl: Warning: MLSDK not found.  This likely means the MLSDK environment variable is not set.
LogInit: Using libcurl 7.55.1-DEV
LogInit:  - built for x86_64-pc-win32
LogInit:  - supports SSL with OpenSSL/1.1.1
LogInit:  - supports HTTP deflate (compression) using libz 1.2.8
LogInit:  - other features:
LogInit:      CURL_VERSION_SSL
LogInit:      CURL_VERSION_LIBZ
LogInit:      CURL_VERSION_IPV6
LogInit:      CURL_VERSION_ASYNCHDNS
LogInit:      CURL_VERSION_LARGEFILE
LogInit:      CURL_VERSION_IDN
LogInit:  CurlRequestOptions (configurable via config and command line):
LogInit:  - bVerifyPeer = true  - Libcurl will verify peer certificate
LogInit:  - bUseHttpProxy = false  - Libcurl will NOT use HTTP proxy
LogInit:  - bDontReuseConnections = false  - Libcurl will reuse connections
LogInit:  - MaxHostConnections = 16  - Libcurl will limit the number of connections to a host
LogInit:  - LocalHostAddr = Default
LogInit:  - BufferSize = 65536
LogOnline: OSS: Creating online subsystem instance for: NULL
LogInit: WinSock: version 1.1 (2.2), MaxSocks=32767, MaxUdp=65467
LogOnline: OSS: TryLoadSubsystemAndSetDefault: Loaded subsystem for module [NULL]
LogOculusPluginWrapper: OculusPlugin initialized successfully
LogHMD: Failed initializing OVRPlugin 1.59.0
LogInit: Build: ++UE4+Release-4.27-CL-18319896
LogInit: Engine Version: 4.27.2-18319896+++UE4+Release-4.27
LogInit: Compatible Engine Version: 4.27.0-17155196+++UE4+Release-4.27
LogInit: Net CL: 17155196
LogInit: OS: Windows 10 (Release 2009) (), CPU: Intel(R) Core(TM) i5-5200U CPU @ 2.20GHz, GPU: Intel(R) HD Graphics 5500
LogInit: Compiled (64-bit): Nov 30 2021 07:12:08
LogInit: Compiled with Visual C++: 19.24.28315.00
LogInit: Build Configuration: Development
LogInit: Branch Name: ++UE4+Release-4.27
LogInit: Command Line: 
LogInit: Base Directory: C:/Program Files/Epic Games/UE_4.27/Engine/Binaries/Win64/
LogInit: Allocator: TBB
LogInit: Installed Engine Build: 1
LogDevObjectVersion: Number of dev versions registered: 29
LogDevObjectVersion:   Dev-Blueprints (B0D832E4-1F89-4F0D-ACCF-7EB736FD4AA2): 10
LogDevObjectVersion:   Dev-Build (E1C64328-A22C-4D53-A36C-8E866417BD8C): 0
LogDevObjectVersion:   Dev-Core (375EC13C-06E4-48FB-B500-84F0262A717E): 4
LogDevObjectVersion:   Dev-Editor (E4B068ED-F494-42E9-A231-DA0B2E46BB41): 40
LogDevObjectVersion:   Dev-Framework (CFFC743F-43B0-4480-9391-14DF171D2073): 37
LogDevObjectVersion:   Dev-Mobile (B02B49B5-BB20-44E9-A304-32B752E40360): 3
LogDevObjectVersion:   Dev-Networking (A4E4105C-59A1-49B5-A7C5-40C4547EDFEE): 0
LogDevObjectVersion:   Dev-Online (39C831C9-5AE6-47DC-9A44-9C173E1C8E7C): 0
LogDevObjectVersion:   Dev-Physics (78F01B33-EBEA-4F98-B9B4-84EACCB95AA2): 14
LogDevObjectVersion:   Dev-Platform (6631380F-2D4D-43E0-8009-CF276956A95A): 0
LogDevObjectVersion:   Dev-Rendering (12F88B9F-8875-4AFC-A67C-D90C383ABD29): 45
LogDevObjectVersion:   Dev-Sequencer (7B5AE74C-D270-4C10-A958-57980B212A5A): 13
LogDevObjectVersion:   Dev-VR (D7296918-1DD6-4BDD-9DE2-64A83CC13884): 3
LogDevObjectVersion:   Dev-LoadTimes (C2A15278-BFE7-4AFE-6C17-90FF531DF755): 1
LogDevObjectVersion:   Private-Geometry (6EACA3D4-40EC-4CC1-B786-8BED09428FC5): 3
LogDevObjectVersion:   Dev-AnimPhys (29E575DD-E0A3-4627-9D10-D276232CDCEA): 17
LogDevObjectVersion:   Dev-Anim (AF43A65D-7FD3-4947-9873-3E8ED9C1BB05): 15
LogDevObjectVersion:   Dev-ReflectionCapture (6B266CEC-1EC7-4B8F-A30B-E4D90942FC07): 1
LogDevObjectVersion:   Dev-Automation (0DF73D61-A23F-47EA-B727-89E90C41499A): 1
LogDevObjectVersion:   FortniteMain (601D1886-AC64-4F84-AA16-D3DE0DEAC7D6): 47
LogDevObjectVersion:   FortniteRelease (E7086368-6B23-4C58-8439-1B7016265E91): 1
LogDevObjectVersion:   Dev-Enterprise (9DFFBCD6-494F-0158-E221-12823C92A888): 10
LogDevObjectVersion:   Dev-Niagara (F2AED0AC-9AFE-416F-8664-AA7FFA26D6FC): 1
LogDevObjectVersion:   Dev-Destruction (174F1F0B-B4C6-45A5-B13F-2EE8D0FB917D): 10
LogDevObjectVersion:   Dev-Physics-Ext (35F94A83-E258-406C-A318-09F59610247C): 41
LogDevObjectVersion:   Dev-PhysicsMaterial-Chaos (B68FC16E-8B1B-42E2-B453-215C058844FE): 1
LogDevObjectVersion:   Dev-CineCamera (B2E18506-4273-CFC2-A54E-F4BB758BBA07): 1
LogDevObjectVersion:   Dev-VirtualProduction (64F58936-FD1B-42BA-BA96-7289D5D0FA4E): 1
LogDevObjectVersion:   Dev-MediaFramework (6F0ED827-A609-4895-9C91-998D90180EA4): 2
LogInit: Presizing for max 25165824 objects, including 0 objects not considered by GC, pre-allocating 0 bytes for permanent pool.
LogConfig: Applying CVar settings from Section [/Script/Engine.StreamingSettings] File [C:/Users/bbrat/Desktop/Gry/I Rok/Programowanie/TDS_BB/Saved/Config/Windows/Engine.ini]
LogConfig: Setting CVar [[s.MinBulkDataSizeForAsyncLoading:131072]]
LogConfig: Setting CVar [[s.AsyncLoadingThreadEnabled:0]]
LogConfig: Setting CVar [[s.EventDrivenLoaderEnabled:1]]
LogConfig: Setting CVar [[s.WarnIfTimeLimitExceeded:0]]
LogConfig: Setting CVar [[s.TimeLimitExceededMultiplier:1.5]]
LogConfig: Setting CVar [[s.TimeLimitExceededMinTime:0.005]]
LogConfig: Setting CVar [[s.UseBackgroundLevelStreaming:1]]
LogConfig: Setting CVar [[s.PriorityAsyncLoadingExtraTime:15.0]]
LogConfig: Setting CVar [[s.LevelStreamingActorsUpdateTimeLimit:5.0]]
LogConfig: Setting CVar [[s.PriorityLevelStreamingActorsUpdateExtraTime:5.0]]
LogConfig: Setting CVar [[s.LevelStreamingComponentsRegistrationGranularity:10]]
LogConfig: Setting CVar [[s.UnregisterComponentsTimeLimit:1.0]]
LogConfig: Setting CVar [[s.LevelStreamingComponentsUnregistrationGranularity:5]]
LogConfig: Setting CVar [[s.FlushStreamingOnExit:1]]
LogInit: Object subsystem initialized
LogConfig: Setting CVar [[con.DebugEarlyDefault:1]]
LogConfig: Setting CVar [[r.setres:1280x720]]
[2023.07.09-09.54.52:998][  0]LogConfig: Setting CVar [[r.VSync:0]]
[2023.07.09-09.54.52:998][  0]LogConfig: Setting CVar [[r.RHICmdBypass:0]]
[2023.07.09-09.54.52:998][  0]LogConfig: Applying CVar settings from Section [/Script/Engine.RendererSettings] File [C:/Users/bbrat/Desktop/Gry/I Rok/Programowanie/TDS_BB/Saved/Config/Windows/Engine.ini]
[2023.07.09-09.54.52:998][  0]LogConfig: Setting CVar [[r.GPUCrashDebugging:0]]
[2023.07.09-09.54.52:998][  0]LogConfig: Applying CVar settings from Section [/Script/Engine.RendererOverrideSettings] File [C:/Users/bbrat/Desktop/Gry/I Rok/Programowanie/TDS_BB/Saved/Config/Windows/Engine.ini]
[2023.07.09-09.54.52:998][  0]LogConfig: Applying CVar settings from Section [/Script/Engine.StreamingSettings] File [C:/Users/bbrat/Desktop/Gry/I Rok/Programowanie/TDS_BB/Saved/Config/Windows/Engine.ini]
[2023.07.09-09.54.52:998][  0]LogConfig: Setting CVar [[s.MinBulkDataSizeForAsyncLoading:131072]]
[2023.07.09-09.54.52:998][  0]LogConfig: Setting CVar [[s.AsyncLoadingThreadEnabled:0]]
[2023.07.09-09.54.52:998][  0]LogConfig: Setting CVar [[s.EventDrivenLoaderEnabled:1]]
[2023.07.09-09.54.52:998][  0]LogConfig: Setting CVar [[s.WarnIfTimeLimitExceeded:0]]
[2023.07.09-09.54.52:998][  0]LogConfig: Setting CVar [[s.TimeLimitExceededMultiplier:1.5]]
[2023.07.09-09.54.52:998][  0]LogConfig: Setting CVar [[s.TimeLimitExceededMinTime:0.005]]
[2023.07.09-09.54.52:998][  0]LogConfig: Setting CVar [[s.UseBackgroundLevelStreaming:1]]
[2023.07.09-09.54.52:998][  0]LogConfig: Setting CVar [[s.PriorityAsyncLoadingExtraTime:15.0]]
[2023.07.09-09.54.52:998][  0]LogConfig: Setting CVar [[s.LevelStreamingActorsUpdateTimeLimit:5.0]]
[2023.07.09-09.54.52:998][  0]LogConfig: Setting CVar [[s.PriorityLevelStreamingActorsUpdateExtraTime:5.0]]
[2023.07.09-09.54.52:998][  0]LogConfig: Setting CVar [[s.LevelStreamingComponentsRegistrationGranularity:10]]
[2023.07.09-09.54.52:998][  0]LogConfig: Setting CVar [[s.UnregisterComponentsTimeLimit:1.0]]
[2023.07.09-09.54.52:998][  0]LogConfig: Setting CVar [[s.LevelStreamingComponentsUnregistrationGranularity:5]]
[2023.07.09-09.54.52:998][  0]LogConfig: Setting CVar [[s.FlushStreamingOnExit:1]]
[2023.07.09-09.54.52:998][  0]LogConfig: Applying CVar settings from Section [/Script/Engine.GarbageCollectionSettings] File [C:/Users/bbrat/Desktop/Gry/I Rok/Programowanie/TDS_BB/Saved/Config/Windows/Engine.ini]
[2023.07.09-09.54.52:998][  0]LogConfig: Setting CVar [[gc.MaxObjectsNotConsideredByGC:1]]
[2023.07.09-09.54.52:998][  0]LogConfig: Setting CVar [[gc.SizeOfPermanentObjectPool:0]]
[2023.07.09-09.54.52:998][  0]LogConfig: Setting CVar [[gc.FlushStreamingOnGC:0]]
[2023.07.09-09.54.52:998][  0]LogConfig: Setting CVar [[gc.NumRetriesBeforeForcingGC:10]]
[2023.07.09-09.54.52:998][  0]LogConfig: Setting CVar [[gc.AllowParallelGC:1]]
[2023.07.09-09.54.52:998][  0]LogConfig: Setting CVar [[gc.TimeBetweenPurgingPendingKillObjects:61.1]]
[2023.07.09-09.54.52:998][  0]LogConfig: Setting CVar [[gc.MaxObjectsInEditor:25165824]]
[2023.07.09-09.54.52:998][  0]LogConfig: Setting CVar [[gc.IncrementalBeginDestroyEnabled:1]]
[2023.07.09-09.54.52:998][  0]LogConfig: Setting CVar [[gc.CreateGCClusters:1]]
[2023.07.09-09.54.52:998][  0]LogConfig: Setting CVar [[gc.MinGCClusterSize:5]]
[2023.07.09-09.54.52:999][  0]LogConfig: Setting CVar [[gc.ActorClusteringEnabled:0]]
[2023.07.09-09.54.52:999][  0]LogConfig: Setting CVar [[gc.BlueprintClusteringEnabled:0]]
[2023.07.09-09.54.52:999][  0]LogConfig: Setting CVar [[gc.UseDisregardForGCOnDedicatedServers:0]]
[2023.07.09-09.54.52:999][  0]LogConfig: Setting CVar [[gc.MultithreadedDestructionEnabled:1]]
[2023.07.09-09.54.52:999][  0]LogConfig: Applying CVar settings from Section [/Script/Engine.NetworkSettings] File [C:/Users/bbrat/Desktop/Gry/I Rok/Programowanie/TDS_BB/Saved/Config/Windows/Engine.ini]
[2023.07.09-09.54.52:999][  0]LogConfig: Applying CVar settings from Section [/Script/UnrealEd.CookerSettings] File [C:/Users/bbrat/Desktop/Gry/I Rok/Programowanie/TDS_BB/Saved/Config/Windows/Engine.ini]
[2023.07.09-09.54.53:004][  0]LogConfig: Applying CVar settings from Section [ViewDistanceQuality@3] File [C:/Users/bbrat/Desktop/Gry/I Rok/Programowanie/TDS_BB/Saved/Config/Windows/Scalability.ini]
[2023.07.09-09.54.53:004][  0]LogConfig: Setting CVar [[r.SkeletalMeshLODBias:0]]
[2023.07.09-09.54.53:004][  0]LogConfig: Setting CVar [[r.ViewDistanceScale:1.0]]
[2023.07.09-09.54.53:004][  0]LogConfig: Applying CVar settings from Section [AntiAliasingQuality@3] File [C:/Users/bbrat/Desktop/Gry/I Rok/Programowanie/TDS_BB/Saved/Config/Windows/Scalability.ini]
[2023.07.09-09.54.53:004][  0]LogConfig: Setting CVar [[r.PostProcessAAQuality:4]]
[2023.07.09-09.54.53:004][  0]LogConfig: Applying CVar settings from Section [ShadowQuality@3] File [C:/Users/bbrat/Desktop/Gry/I Rok/Programowanie/TDS_BB/Saved/Config/Windows/Scalability.ini]
[2023.07.09-09.54.53:004][  0]LogConfig: Setting CVar [[r.LightFunctionQuality:1]]
[2023.07.09-09.54.53:004][  0]LogConfig: Setting CVar [[r.ShadowQuality:5]]
[2023.07.09-09.54.53:004][  0]LogConfig: Setting CVar [[r.Shadow.CSM.MaxCascades:10]]
[2023.07.09-09.54.53:004][  0]LogConfig: Setting CVar [[r.Shadow.MaxResolution:2048]]
[2023.07.09-09.54.53:005][  0]LogConfig: Setting CVar [[r.Shadow.MaxCSMResolution:2048]]
[2023.07.09-09.54.53:005][  0]LogConfig: Setting CVar [[r.Shadow.RadiusThreshold:0.01]]
[2023.07.09-09.54.53:005][  0]LogConfig: Setting CVar [[r.Shadow.DistanceScale:1.0]]
[2023.07.09-09.54.53:005][  0]LogConfig: Setting CVar [[r.Shadow.CSM.TransitionScale:1.0]]
[2023.07.09-09.54.53:005][  0]LogConfig: Setting CVar [[r.Shadow.PreShadowResolutionFactor:1.0]]
[2023.07.09-09.54.53:005][  0]LogConfig: Setting CVar [[r.DistanceFieldShadowing:1]]
[2023.07.09-09.54.53:005][  0]LogConfig: Setting CVar [[r.DistanceFieldAO:1]]
[2023.07.09-09.54.53:005][  0]LogConfig: Setting CVar [[r.AOQuality:2]]
[2023.07.09-09.54.53:005][  0]LogConfig: Setting CVar [[r.VolumetricFog:1]]
[2023.07.09-09.54.53:005][  0]LogConfig: Setting CVar [[r.VolumetricFog.GridPixelSize:8]]
[2023.07.09-09.54.53:005][  0]LogConfig: Setting CVar [[r.VolumetricFog.GridSizeZ:128]]
[2023.07.09-09.54.53:005][  0]LogConfig: Setting CVar [[r.VolumetricFog.HistoryMissSupersampleCount:4]]
[2023.07.09-09.54.53:005][  0]LogConfig: Setting CVar [[r.LightMaxDrawDistanceScale:1]]
[2023.07.09-09.54.53:005][  0]LogConfig: Setting CVar [[r.CapsuleShadows:1]]
[2023.07.09-09.54.53:005][  0]LogConfig: Applying CVar settings from Section [PostProcessQuality@3] File [C:/Users/bbrat/Desktop/Gry/I Rok/Programowanie/TDS_BB/Saved/Config/Windows/Scalability.ini]
[2023.07.09-09.54.53:005][  0]LogConfig: Setting CVar [[r.MotionBlurQuality:4]]
[2023.07.09-09.54.53:005][  0]LogConfig: Setting CVar [[r.AmbientOcclusionMipLevelFactor:0.4]]
[2023.07.09-09.54.53:005][  0]LogConfig: Setting CVar [[r.AmbientOcclusionMaxQuality:100]]
[2023.07.09-09.54.53:005][  0]LogConfig: Setting CVar [[r.AmbientOcclusionLevels:-1]]
[2023.07.09-09.54.53:005][  0]LogConfig: Setting CVar [[r.AmbientOcclusionRadiusScale:1.0]]
[2023.07.09-09.54.53:005][  0]LogConfig: Setting CVar [[r.DepthOfFieldQuality:2]]
[2023.07.09-09.54.53:005][  0]LogConfig: Setting CVar [[r.RenderTargetPoolMin:400]]
[2023.07.09-09.54.53:005][  0]LogConfig: Setting CVar [[r.LensFlareQuality:2]]
[2023.07.09-09.54.53:005][  0]LogConfig: Setting CVar [[r.SceneColorFringeQuality:1]]
[2023.07.09-09.54.53:005][  0]LogConfig: Setting CVar [[r.EyeAdaptationQuality:2]]
[2023.07.09-09.54.53:005][  0]LogConfig: Setting CVar [[r.BloomQuality:5]]
[2023.07.09-09.54.53:005][  0]LogConfig: Setting CVar [[r.FastBlurThreshold:100]]
[2023.07.09-09.54.53:005][  0]LogConfig: Setting CVar [[r.Upscale.Quality:3]]
[2023.07.09-09.54.53:005][  0]LogConfig: Setting CVar [[r.Tonemapper.GrainQuantization:1]]
[2023.07.09-09.54.53:005][  0]LogConfig: Setting CVar [[r.LightShaftQuality:1]]
[2023.07.09-09.54.53:005][  0]LogConfig: Setting CVar [[r.Filter.SizeScale:1]]
[2023.07.09-09.54.53:005][  0]LogConfig: Setting CVar [[r.Tonemapper.Quality:5]]
[2023.07.09-09.54.53:005][  0]LogConfig: Setting CVar [[r.DOF.Gather.AccumulatorQuality:1        ; higher gathering accumulator quality]]
[2023.07.09-09.54.53:005][  0]LogConfig: Setting CVar [[r.DOF.Gather.PostfilterMethod:1          ; Median3x3 postfilering method]]
[2023.07.09-09.54.53:005][  0]LogConfig: Setting CVar [[r.DOF.Gather.EnableBokehSettings:0       ; no bokeh simulation when gathering]]
[2023.07.09-09.54.53:005][  0]LogConfig: Setting CVar [[r.DOF.Gather.RingCount:4                 ; medium number of samples when gathering]]
[2023.07.09-09.54.53:005][  0]LogConfig: Setting CVar [[r.DOF.Scatter.ForegroundCompositing:1    ; additive foreground scattering]]
[2023.07.09-09.54.53:005][  0]LogConfig: Setting CVar [[r.DOF.Scatter.BackgroundCompositing:2    ; additive background scattering]]
[2023.07.09-09.54.53:005][  0]LogConfig: Setting CVar [[r.DOF.Scatter.EnableBokehSettings:1      ; bokeh simulation when scattering]]
[2023.07.09-09.54.53:005][  0]LogConfig: Setting CVar [[r.DOF.Scatter.MaxSpriteRatio:0.1         ; only a maximum of 10% of scattered bokeh]]
[2023.07.09-09.54.53:005][  0]LogConfig: Setting CVar [[r.DOF.Recombine.Quality:1                ; cheap slight out of focus]]
[2023.07.09-09.54.53:005][  0]LogConfig: Setting CVar [[r.DOF.Recombine.EnableBokehSettings:0    ; no bokeh simulation on slight out of focus]]
[2023.07.09-09.54.53:005][  0]LogConfig: Setting CVar [[r.DOF.TemporalAAQuality:1                ; more stable temporal accumulation]]
[2023.07.09-09.54.53:005][  0]LogConfig: Setting CVar [[r.DOF.Kernel.MaxForegroundRadius:0.025]]
[2023.07.09-09.54.53:005][  0]LogConfig: Setting CVar [[r.DOF.Kernel.MaxBackgroundRadius:0.025]]
[2023.07.09-09.54.53:005][  0]LogConfig: Applying CVar settings from Section [TextureQuality@3] File [C:/Users/bbrat/Desktop/Gry/I Rok/Programowanie/TDS_BB/Saved/Config/Windows/Scalability.ini]
[2023.07.09-09.54.53:005][  0]LogConfig: Setting CVar [[r.Streaming.MipBias:0]]
[2023.07.09-09.54.53:005][  0]LogConfig: Setting CVar [[r.Streaming.AmortizeCPUToGPUCopy:0]]
[2023.07.09-09.54.53:005][  0]LogConfig: Setting CVar [[r.Streaming.MaxNumTexturesToStreamPerFrame:0]]
[2023.07.09-09.54.53:005][  0]LogConfig: Setting CVar [[r.Streaming.Boost:1]]
[2023.07.09-09.54.53:005][  0]LogConfig: Setting CVar [[r.MaxAnisotropy:8]]
[2023.07.09-09.54.53:005][  0]LogConfig: Setting CVar [[r.VT.MaxAnisotropy:8]]
[2023.07.09-09.54.53:005][  0]LogConfig: Setting CVar [[r.Streaming.LimitPoolSizeToVRAM:0]]
[2023.07.09-09.54.53:005][  0]LogConfig: Setting CVar [[r.Streaming.PoolSize:1000]]
[2023.07.09-09.54.53:005][  0]LogConfig: Setting CVar [[r.Streaming.MaxEffectiveScreenSize:0]]
[2023.07.09-09.54.53:005][  0]LogConfig: Applying CVar settings from Section [EffectsQuality@3] File [C:/Users/bbrat/Desktop/Gry/I Rok/Programowanie/TDS_BB/Saved/Config/Windows/Scalability.ini]
[2023.07.09-09.54.53:006][  0]LogConfig: Setting CVar [[r.TranslucencyLightingVolumeDim:64]]
[2023.07.09-09.54.53:006][  0]LogConfig: Setting CVar [[r.RefractionQuality:2]]
[2023.07.09-09.54.53:006][  0]LogConfig: Setting CVar [[r.SSR.Quality:3]]
[2023.07.09-09.54.53:006][  0]LogConfig: Setting CVar [[r.SSR.HalfResSceneColor:0]]
[2023.07.09-09.54.53:006][  0]LogConfig: Setting CVar [[r.SceneColorFormat:4]]
[2023.07.09-09.54.53:006][  0]LogConfig: Setting CVar [[r.DetailMode:2]]
[2023.07.09-09.54.53:006][  0]LogConfig: Setting CVar [[r.TranslucencyVolumeBlur:1]]
[2023.07.09-09.54.53:006][  0]LogConfig: Setting CVar [[r.MaterialQualityLevel:1 ; High quality]]
[2023.07.09-09.54.53:006][  0]LogConfig: Setting CVar [[r.AnisotropicMaterials:1]]
[2023.07.09-09.54.53:006][  0]LogConfig: Setting CVar [[r.SSS.Scale:1]]
[2023.07.09-09.54.53:006][  0]LogConfig: Setting CVar [[r.SSS.SampleSet:2]]
[2023.07.09-09.54.53:006][  0]LogConfig: Setting CVar [[r.SSS.Quality:1]]
[2023.07.09-09.54.53:006][  0]LogConfig: Setting CVar [[r.SSS.HalfRes:0]]
[2023.07.09-09.54.53:006][  0]LogConfig: Setting CVar [[r.SSGI.Quality:3]]
[2023.07.09-09.54.53:006][  0]LogConfig: Setting CVar [[r.EmitterSpawnRateScale:1.0]]
[2023.07.09-09.54.53:006][  0]LogConfig: Setting CVar [[r.ParticleLightQuality:2]]
[2023.07.09-09.54.53:006][  0]LogConfig: Setting CVar [[r.SkyAtmosphere.AerialPerspectiveLUT.FastApplyOnOpaque:1 ; Always have FastSkyLUT 1 in this case to avoid wrong sky]]
[2023.07.09-09.54.53:006][  0]LogConfig: Setting CVar [[r.SkyAtmosphere.AerialPerspectiveLUT.SampleCountMaxPerSlice:4]]
[2023.07.09-09.54.53:006][  0]LogConfig: Setting CVar [[r.SkyAtmosphere.AerialPerspectiveLUT.DepthResolution:16.0]]
[2023.07.09-09.54.53:006][  0]LogConfig: Setting CVar [[r.SkyAtmosphere.FastSkyLUT:1]]
[2023.07.09-09.54.53:006][  0]LogConfig: Setting CVar [[r.SkyAtmosphere.FastSkyLUT.SampleCountMin:4.0]]
[2023.07.09-09.54.53:006][  0]LogConfig: Setting CVar [[r.SkyAtmosphere.FastSkyLUT.SampleCountMax:128.0]]
[2023.07.09-09.54.53:006][  0]LogConfig: Setting CVar [[r.SkyAtmosphere.SampleCountMin:4.0]]
[2023.07.09-09.54.53:006][  0]LogConfig: Setting CVar [[r.SkyAtmosphere.SampleCountMax:128.0]]
[2023.07.09-09.54.53:006][  0]LogConfig: Setting CVar [[r.SkyAtmosphere.TransmittanceLUT.UseSmallFormat:0]]
[2023.07.09-09.54.53:006][  0]LogConfig: Setting CVar [[r.SkyAtmosphere.TransmittanceLUT.SampleCount:10.0]]
[2023.07.09-09.54.53:006][  0]LogConfig: Setting CVar [[r.SkyAtmosphere.MultiScatteringLUT.SampleCount:15.0]]
[2023.07.09-09.54.53:006][  0]LogConfig: Setting CVar [[r.SkyLight.RealTimeReflectionCapture:1]]
[2023.07.09-09.54.53:006][  0]LogConfig: Applying CVar settings from Section [FoliageQuality@3] File [C:/Users/bbrat/Desktop/Gry/I Rok/Programowanie/TDS_BB/Saved/Config/Windows/Scalability.ini]
[2023.07.09-09.54.53:006][  0]LogConfig: Setting CVar [[foliage.DensityScale:1.0]]
[2023.07.09-09.54.53:006][  0]LogConfig: Setting CVar [[grass.DensityScale:1.0]]
[2023.07.09-09.54.53:006][  0]LogConfig: Applying CVar settings from Section [ShadingQuality@3] File [C:/Users/bbrat/Desktop/Gry/I Rok/Programowanie/TDS_BB/Saved/Config/Windows/Scalability.ini]
[2023.07.09-09.54.53:006][  0]LogConfig: Setting CVar [[r.HairStrands.SkyLighting.IntegrationType:2]]
[2023.07.09-09.54.53:006][  0]LogConfig: Setting CVar [[r.HairStrands.SkyAO.SampleCount:4]]
[2023.07.09-09.54.53:006][  0]LogConfig: Setting CVar [[r.HairStrands.Visibility.MSAA.SamplePerPixel:4]]
[2023.07.09-09.54.53:006][  0]LogInit: Selected Device Profile: [Windows]
[2023.07.09-09.54.53:006][  0]LogInit: Applying CVar settings loaded from the selected device profile: [Windows]
[2023.07.09-09.54.53:006][  0]LogHAL: Display: Platform has ~ 8 GB [8500232192 / 8589934592 / 8], which maps to Default [LargestMinGB=32, LargerMinGB=12, DefaultMinGB=8, SmallerMinGB=6, SmallestMinGB=0)
[2023.07.09-09.54.53:006][  0]LogInit: Going up to parent DeviceProfile []
[2023.07.09-09.54.53:006][  0]LogConfig: Applying CVar settings from Section [ViewDistanceQuality@3] File [C:/Users/bbrat/Desktop/Gry/I Rok/Programowanie/TDS_BB/Saved/Config/Windows/Scalability.ini]
[2023.07.09-09.54.53:006][  0]LogConfig: Setting CVar [[r.SkeletalMeshLODBias:0]]
[2023.07.09-09.54.53:006][  0]LogConfig: Setting CVar [[r.ViewDistanceScale:1.0]]
[2023.07.09-09.54.53:006][  0]LogConfig: Applying CVar settings from Section [AntiAliasingQuality@3] File [C:/Users/bbrat/Desktop/Gry/I Rok/Programowanie/TDS_BB/Saved/Config/Windows/Scalability.ini]
[2023.07.09-09.54.53:006][  0]LogConfig: Setting CVar [[r.PostProcessAAQuality:4]]
[2023.07.09-09.54.53:006][  0]LogConfig: Applying CVar settings from Section [ShadowQuality@3] File [C:/Users/bbrat/Desktop/Gry/I Rok/Programowanie/TDS_BB/Saved/Config/Windows/Scalability.ini]
[2023.07.09-09.54.53:006][  0]LogConfig: Setting CVar [[r.LightFunctionQuality:1]]
[2023.07.09-09.54.53:006][  0]LogConfig: Setting CVar [[r.ShadowQuality:5]]
[2023.07.09-09.54.53:006][  0]LogConfig: Setting CVar [[r.Shadow.CSM.MaxCascades:10]]
[2023.07.09-09.54.53:007][  0]LogConfig: Setting CVar [[r.Shadow.MaxResolution:2048]]
[2023.07.09-09.54.53:007][  0]LogConfig: Setting CVar [[r.Shadow.MaxCSMResolution:2048]]
[2023.07.09-09.54.53:007][  0]LogConfig: Setting CVar [[r.Shadow.RadiusThreshold:0.01]]
[2023.07.09-09.54.53:007][  0]LogConfig: Setting CVar [[r.Shadow.DistanceScale:1.0]]
[2023.07.09-09.54.53:007][  0]LogConfig: Setting CVar [[r.Shadow.CSM.TransitionScale:1.0]]
[2023.07.09-09.54.53:007][  0]LogConfig: Setting CVar [[r.Shadow.PreShadowResolutionFactor:1.0]]
[2023.07.09-09.54.53:007][  0]LogConfig: Setting CVar [[r.DistanceFieldShadowing:1]]
[2023.07.09-09.54.53:007][  0]LogConfig: Setting CVar [[r.DistanceFieldAO:1]]
[2023.07.09-09.54.53:007][  0]LogConfig: Setting CVar [[r.AOQuality:2]]
[2023.07.09-09.54.53:007][  0]LogConfig: Setting CVar [[r.VolumetricFog:1]]
[2023.07.09-09.54.53:007][  0]LogConfig: Setting CVar [[r.VolumetricFog.GridPixelSize:8]]
[2023.07.09-09.54.53:007][  0]LogConfig: Setting CVar [[r.VolumetricFog.GridSizeZ:128]]
[2023.07.09-09.54.53:007][  0]LogConfig: Setting CVar [[r.VolumetricFog.HistoryMissSupersampleCount:4]]
[2023.07.09-09.54.53:007][  0]LogConfig: Setting CVar [[r.LightMaxDrawDistanceScale:1]]
[2023.07.09-09.54.53:007][  0]LogConfig: Setting CVar [[r.CapsuleShadows:1]]
[2023.07.09-09.54.53:007][  0]LogConfig: Applying CVar settings from Section [PostProcessQuality@3] File [C:/Users/bbrat/Desktop/Gry/I Rok/Programowanie/TDS_BB/Saved/Config/Windows/Scalability.ini]
[2023.07.09-09.54.53:007][  0]LogConfig: Setting CVar [[r.MotionBlurQuality:4]]
[2023.07.09-09.54.53:007][  0]LogConfig: Setting CVar [[r.AmbientOcclusionMipLevelFactor:0.4]]
[2023.07.09-09.54.53:007][  0]LogConfig: Setting CVar [[r.AmbientOcclusionMaxQuality:100]]
[2023.07.09-09.54.53:007][  0]LogConfig: Setting CVar [[r.AmbientOcclusionLevels:-1]]
[2023.07.09-09.54.53:007][  0]LogConfig: Setting CVar [[r.AmbientOcclusionRadiusScale:1.0]]
[2023.07.09-09.54.53:007][  0]LogConfig: Setting CVar [[r.DepthOfFieldQuality:2]]
[2023.07.09-09.54.53:007][  0]LogConfig: Setting CVar [[r.RenderTargetPoolMin:400]]
[2023.07.09-09.54.53:007][  0]LogConfig: Setting CVar [[r.LensFlareQuality:2]]
[2023.07.09-09.54.53:007][  0]LogConfig: Setting CVar [[r.SceneColorFringeQuality:1]]
[2023.07.09-09.54.53:007][  0]LogConfig: Setting CVar [[r.EyeAdaptationQuality:2]]
[2023.07.09-09.54.53:007][  0]LogConfig: Setting CVar [[r.BloomQuality:5]]
[2023.07.09-09.54.53:007][  0]LogConfig: Setting CVar [[r.FastBlurThreshold:100]]
[2023.07.09-09.54.53:007][  0]LogConfig: Setting CVar [[r.Upscale.Quality:3]]
[2023.07.09-09.54.53:007][  0]LogConfig: Setting CVar [[r.Tonemapper.GrainQuantization:1]]
[2023.07.09-09.54.53:007][  0]LogConfig: Setting CVar [[r.LightShaftQuality:1]]
[2023.07.09-09.54.53:007][  0]LogConfig: Setting CVar [[r.Filter.SizeScale:1]]
[2023.07.09-09.54.53:007][  0]LogConfig: Setting CVar [[r.Tonemapper.Quality:5]]
[2023.07.09-09.54.53:007][  0]LogConfig: Setting CVar [[r.DOF.Gather.AccumulatorQuality:1        ; higher gathering accumulator quality]]
[2023.07.09-09.54.53:007][  0]LogConfig: Setting CVar [[r.DOF.Gather.PostfilterMethod:1          ; Median3x3 postfilering method]]
[2023.07.09-09.54.53:007][  0]LogConfig: Setting CVar [[r.DOF.Gather.EnableBokehSettings:0       ; no bokeh simulation when gathering]]
[2023.07.09-09.54.53:007][  0]LogConfig: Setting CVar [[r.DOF.Gather.RingCount:4                 ; medium number of samples when gathering]]
[2023.07.09-09.54.53:007][  0]LogConfig: Setting CVar [[r.DOF.Scatter.ForegroundCompositing:1    ; additive foreground scattering]]
[2023.07.09-09.54.53:007][  0]LogConfig: Setting CVar [[r.DOF.Scatter.BackgroundCompositing:2    ; additive background scattering]]
[2023.07.09-09.54.53:007][  0]LogConfig: Setting CVar [[r.DOF.Scatter.EnableBokehSettings:1      ; bokeh simulation when scattering]]
[2023.07.09-09.54.53:007][  0]LogConfig: Setting CVar [[r.DOF.Scatter.MaxSpriteRatio:0.1         ; only a maximum of 10% of scattered bokeh]]
[2023.07.09-09.54.53:007][  0]LogConfig: Setting CVar [[r.DOF.Recombine.Quality:1                ; cheap slight out of focus]]
[2023.07.09-09.54.53:007][  0]LogConfig: Setting CVar [[r.DOF.Recombine.EnableBokehSettings:0    ; no bokeh simulation on slight out of focus]]
[2023.07.09-09.54.53:007][  0]LogConfig: Setting CVar [[r.DOF.TemporalAAQuality:1                ; more stable temporal accumulation]]
[2023.07.09-09.54.53:007][  0]LogConfig: Setting CVar [[r.DOF.Kernel.MaxForegroundRadius:0.025]]
[2023.07.09-09.54.53:007][  0]LogConfig: Setting CVar [[r.DOF.Kernel.MaxBackgroundRadius:0.025]]
[2023.07.09-09.54.53:007][  0]LogConfig: Applying CVar settings from Section [TextureQuality@3] File [C:/Users/bbrat/Desktop/Gry/I Rok/Programowanie/TDS_BB/Saved/Config/Windows/Scalability.ini]
[2023.07.09-09.54.53:007][  0]LogConfig: Setting CVar [[r.Streaming.MipBias:0]]
[2023.07.09-09.54.53:007][  0]LogConfig: Setting CVar [[r.Streaming.AmortizeCPUToGPUCopy:0]]
[2023.07.09-09.54.53:007][  0]LogConfig: Setting CVar [[r.Streaming.MaxNumTexturesToStreamPerFrame:0]]
[2023.07.09-09.54.53:007][  0]LogConfig: Setting CVar [[r.Streaming.Boost:1]]
[2023.07.09-09.54.53:007][  0]LogConfig: Setting CVar [[r.MaxAnisotropy:8]]
[2023.07.09-09.54.53:007][  0]LogConfig: Setting CVar [[r.VT.MaxAnisotropy:8]]
[2023.07.09-09.54.53:007][  0]LogConfig: Setting CVar [[r.Streaming.LimitPoolSizeToVRAM:0]]
[2023.07.09-09.54.53:007][  0]LogConfig: Setting CVar [[r.Streaming.PoolSize:1000]]
[2023.07.09-09.54.53:007][  0]LogConfig: Setting CVar [[r.Streaming.MaxEffectiveScreenSize:0]]
[2023.07.09-09.54.53:007][  0]LogConfig: Applying CVar settings from Section [EffectsQuality@3] File [C:/Users/bbrat/Desktop/Gry/I Rok/Programowanie/TDS_BB/Saved/Config/Windows/Scalability.ini]
[2023.07.09-09.54.53:007][  0]LogConfig: Setting CVar [[r.TranslucencyLightingVolumeDim:64]]
[2023.07.09-09.54.53:008][  0]LogConfig: Setting CVar [[r.RefractionQuality:2]]
[2023.07.09-09.54.53:008][  0]LogConfig: Setting CVar [[r.SSR.Quality:3]]
[2023.07.09-09.54.53:008][  0]LogConfig: Setting CVar [[r.SSR.HalfResSceneColor:0]]
[2023.07.09-09.54.53:008][  0]LogConfig: Setting CVar [[r.SceneColorFormat:4]]
[2023.07.09-09.54.53:008][  0]LogConfig: Setting CVar [[r.DetailMode:2]]
[2023.07.09-09.54.53:008][  0]LogConfig: Setting CVar [[r.TranslucencyVolumeBlur:1]]
[2023.07.09-09.54.53:008][  0]LogConfig: Setting CVar [[r.MaterialQualityLevel:1 ; High quality]]
[2023.07.09-09.54.53:008][  0]LogConfig: Setting CVar [[r.AnisotropicMaterials:1]]
[2023.07.09-09.54.53:008][  0]LogConfig: Setting CVar [[r.SSS.Scale:1]]
[2023.07.09-09.54.53:008][  0]LogConfig: Setting CVar [[r.SSS.SampleSet:2]]
[2023.07.09-09.54.53:008][  0]LogConfig: Setting CVar [[r.SSS.Quality:1]]
[2023.07.09-09.54.53:008][  0]LogConfig: Setting CVar [[r.SSS.HalfRes:0]]
[2023.07.09-09.54.53:008][  0]LogConfig: Setting CVar [[r.SSGI.Quality:3]]
[2023.07.09-09.54.53:008][  0]LogConfig: Setting CVar [[r.EmitterSpawnRateScale:1.0]]
[2023.07.09-09.54.53:008][  0]LogConfig: Setting CVar [[r.ParticleLightQuality:2]]
[2023.07.09-09.54.53:008][  0]LogConfig: Setting CVar [[r.SkyAtmosphere.AerialPerspectiveLUT.FastApplyOnOpaque:1 ; Always have FastSkyLUT 1 in this case to avoid wrong sky]]
[2023.07.09-09.54.53:008][  0]LogConfig: Setting CVar [[r.SkyAtmosphere.AerialPerspectiveLUT.SampleCountMaxPerSlice:4]]
[2023.07.09-09.54.53:008][  0]LogConfig: Setting CVar [[r.SkyAtmosphere.AerialPerspectiveLUT.DepthResolution:16.0]]
[2023.07.09-09.54.53:008][  0]LogConfig: Setting CVar [[r.SkyAtmosphere.FastSkyLUT:1]]
[2023.07.09-09.54.53:008][  0]LogConfig: Setting CVar [[r.SkyAtmosphere.FastSkyLUT.SampleCountMin:4.0]]
[2023.07.09-09.54.53:008][  0]LogConfig: Setting CVar [[r.SkyAtmosphere.FastSkyLUT.SampleCountMax:128.0]]
[2023.07.09-09.54.53:008][  0]LogConfig: Setting CVar [[r.SkyAtmosphere.SampleCountMin:4.0]]
[2023.07.09-09.54.53:008][  0]LogConfig: Setting CVar [[r.SkyAtmosphere.SampleCountMax:128.0]]
[2023.07.09-09.54.53:008][  0]LogConfig: Setting CVar [[r.SkyAtmosphere.TransmittanceLUT.UseSmallFormat:0]]
[2023.07.09-09.54.53:008][  0]LogConfig: Setting CVar [[r.SkyAtmosphere.TransmittanceLUT.SampleCount:10.0]]
[2023.07.09-09.54.53:008][  0]LogConfig: Setting CVar [[r.SkyAtmosphere.MultiScatteringLUT.SampleCount:15.0]]
[2023.07.09-09.54.53:008][  0]LogConfig: Setting CVar [[r.SkyLight.RealTimeReflectionCapture:1]]
[2023.07.09-09.54.53:008][  0]LogConfig: Applying CVar settings from Section [FoliageQuality@3] File [C:/Users/bbrat/Desktop/Gry/I Rok/Programowanie/TDS_BB/Saved/Config/Windows/Scalability.ini]
[2023.07.09-09.54.53:008][  0]LogConfig: Setting CVar [[foliage.DensityScale:1.0]]
[2023.07.09-09.54.53:008][  0]LogConfig: Setting CVar [[grass.DensityScale:1.0]]
[2023.07.09-09.54.53:008][  0]LogConfig: Applying CVar settings from Section [ShadingQuality@3] File [C:/Users/bbrat/Desktop/Gry/I Rok/Programowanie/TDS_BB/Saved/Config/Windows/Scalability.ini]
[2023.07.09-09.54.53:008][  0]LogConfig: Setting CVar [[r.HairStrands.SkyLighting.IntegrationType:2]]
[2023.07.09-09.54.53:008][  0]LogConfig: Setting CVar [[r.HairStrands.SkyAO.SampleCount:4]]
[2023.07.09-09.54.53:008][  0]LogConfig: Setting CVar [[r.HairStrands.Visibility.MSAA.SamplePerPixel:4]]
[2023.07.09-09.54.53:008][  0]LogConfig: Applying CVar settings from Section [Startup] File [../../../Engine/Config/ConsoleVariables.ini]
[2023.07.09-09.54.53:009][  0]LogConfig: Setting CVar [[net.UseAdaptiveNetUpdateFrequency:0]]
[2023.07.09-09.54.53:009][  0]LogConfig: Setting CVar [[p.chaos.AllowCreatePhysxBodies:1]]
[2023.07.09-09.54.53:009][  0]LogConfig: Setting CVar [[fx.SkipVectorVMBackendOptimizations:1]]
[2023.07.09-09.54.53:009][  0]LogConfig: Applying CVar settings from Section [ConsoleVariables] File [C:/Users/bbrat/Desktop/Gry/I Rok/Programowanie/TDS_BB/Saved/Config/Windows/Engine.ini]
[2023.07.09-09.54.53:009][  0]LogConfig: Applying CVar settings from Section [ConsoleVariables] File [C:/Users/bbrat/Desktop/Gry/I Rok/Programowanie/TDS_BB/Saved/Config/Windows/Editor.ini]
[2023.07.09-09.54.53:009][  0]LogInit: Computer: DESKTOP-F1QL4LB
[2023.07.09-09.54.53:009][  0]LogInit: User: bbrat
[2023.07.09-09.54.53:009][  0]LogInit: CPU Page size=4096, Cores=2
[2023.07.09-09.54.53:009][  0]LogInit: High frequency timer resolution =10.000000 MHz
[2023.07.09-09.54.53:009][  0]LogMemory: Memory total: Physical=7.9GB (8GB approx)
[2023.07.09-09.54.53:009][  0]LogMemory: Platform Memory Stats for Windows
[2023.07.09-09.54.53:009][  0]LogMemory: Process Physical Memory: 142.70 MB used, 142.71 MB peak
[2023.07.09-09.54.53:009][  0]LogMemory: Process Virtual Memory: 120.93 MB used, 120.93 MB peak
[2023.07.09-09.54.53:009][  0]LogMemory: Physical Memory: 6137.58 MB used,  1968.88 MB free, 8106.45 MB total
[2023.07.09-09.54.53:009][  0]LogMemory: Virtual Memory: 134214928.00 MB used,  2801.57 MB free, 134217728.00 MB total
[2023.07.09-09.54.53:016][  0]LogWindows: WindowsPlatformFeatures enabled
[2023.07.09-09.54.53:054][  0]LogInit: Physics initialised using underlying interface: PhysX
[2023.07.09-09.54.53:054][  0]LogInit: Using OS detected language (pl-PL).
[2023.07.09-09.54.53:054][  0]LogInit: Using OS detected locale (pl-PL).
[2023.07.09-09.54.53:058][  0]LogTextLocalizationManager: No specific localization for 'pl-PL' exists, so the 'pl' localization will be used.
[2023.07.09-09.54.53:058][  0]LogTextLocalizationResource: LocRes '../../../Engine/Content/Localization/Editor/pl/Editor.locres' could not be opened for reading!
[2023.07.09-09.54.53:059][  0]LogTextLocalizationResource: LocRes '../../../Engine/Content/Localization/EditorTutorials/pl/EditorTutorials.locres' could not be opened for reading!
[2023.07.09-09.54.53:059][  0]LogTextLocalizationResource: LocRes '../../../Engine/Content/Localization/Keywords/pl/Keywords.locres' could not be opened for reading!
[2023.07.09-09.54.53:059][  0]LogTextLocalizationResource: LocRes '../../../Engine/Content/Localization/Category/pl/Category.locres' could not be opened for reading!
[2023.07.09-09.54.53:059][  0]LogTextLocalizationResource: LocRes '../../../Engine/Content/Localization/ToolTips/pl/ToolTips.locres' could not be opened for reading!
[2023.07.09-09.54.53:059][  0]LogTextLocalizationResource: LocRes '../../../Engine/Content/Localization/PropertyNames/pl/PropertyNames.locres' could not be opened for reading!
[2023.07.09-09.54.53:059][  0]LogTextLocalizationResource: LocRes '../../../Engine/Content/Localization/Engine/pl/Engine.locres' could not be opened for reading!
[2023.07.09-09.54.53:061][  0]LogInit: Setting process to per monitor DPI aware
[2023.07.09-09.54.53:083][  0]LogWindowsTextInputMethodSystem: Display: IME system deactivated.
[2023.07.09-09.54.53:110][  0]LogSlate: New Slate User Created.  User Index 0, Is Virtual User: 0
[2023.07.09-09.54.53:110][  0]LogSlate: Slate User Registered.  User Index 0, Is Virtual User: 0
[2023.07.09-09.54.53:405][  0]LogD3D11RHI: Loaded GFSDK_Aftermath_Lib.x64.dll
[2023.07.09-09.54.53:449][  0]LogHMD: Failed to initialize OpenVR with code 110
[2023.07.09-09.54.53:449][  0]LogD3D11RHI: D3D11 min allowed feature level: 11_0
[2023.07.09-09.54.53:449][  0]LogD3D11RHI: D3D11 max allowed feature level: 11_0
[2023.07.09-09.54.53:449][  0]LogD3D11RHI: D3D11 adapters:
[2023.07.09-09.54.53:494][  0]LogD3D11RHI:    0. 'NVIDIA GeForce GTX 950M' (Feature Level 11_0)
[2023.07.09-09.54.53:494][  0]LogD3D11RHI:       4064/0/4053 MB DedicatedVideo/DedicatedSystem/SharedSystem, Outputs:1, VendorId:0x10de
[2023.07.09-09.54.53:502][  0]LogD3D11RHI:    1. 'Intel(R) HD Graphics 5500' (Feature Level 11_0)
[2023.07.09-09.54.53:502][  0]LogD3D11RHI:       128/0/4053 MB DedicatedVideo/DedicatedSystem/SharedSystem, Outputs:0, VendorId:0x8086
[2023.07.09-09.54.53:505][  0]LogD3D11RHI:    2. 'Microsoft Basic Render Driver' (Feature Level 11_0)
[2023.07.09-09.54.53:506][  0]LogD3D11RHI:       0/0/4053 MB DedicatedVideo/DedicatedSystem/SharedSystem, Outputs:0, VendorId:0x1414
[2023.07.09-09.54.53:506][  0]LogD3D11RHI: Chosen D3D11 Adapter:
[2023.07.09-09.54.53:506][  0]LogD3D11RHI:     Description : NVIDIA GeForce GTX 950M
[2023.07.09-09.54.53:506][  0]LogD3D11RHI:     VendorId    : 10de
[2023.07.09-09.54.53:506][  0]LogD3D11RHI:     DeviceId    : 139a
[2023.07.09-09.54.53:506][  0]LogD3D11RHI:     SubSysId    : 9631025
[2023.07.09-09.54.53:506][  0]LogD3D11RHI:     Revision    : 00a2
[2023.07.09-09.54.53:506][  0]LogD3D11RHI:     DedicatedVideoMemory : 4262330368 bytes
[2023.07.09-09.54.53:506][  0]LogD3D11RHI:     DedicatedSystemMemory : 0 bytes
[2023.07.09-09.54.53:506][  0]LogD3D11RHI:     SharedSystemMemory : 4250116096 bytes
[2023.07.09-09.54.53:506][  0]LogD3D11RHI:     AdapterLuid : 0 41816
[2023.07.09-09.54.53:514][  0]LogD3D11RHI: Creating new Direct3DDevice
[2023.07.09-09.54.53:514][  0]LogD3D11RHI:     GPU DeviceId: 0x139a (for the marketing name, search the web for "GPU Device Id")
[2023.07.09-09.54.53:514][  0]LogWindows: EnumDisplayDevices:
[2023.07.09-09.54.53:514][  0]LogWindows:    0. 'Intel(R) HD Graphics 5500' (P:1 D:1)
[2023.07.09-09.54.53:515][  0]LogWindows:    1. 'Intel(R) HD Graphics 5500' (P:0 D:0)
[2023.07.09-09.54.53:515][  0]LogWindows:    2. 'Intel(R) HD Graphics 5500' (P:0 D:0)
[2023.07.09-09.54.53:515][  0]LogWindows: DebugString: PrimaryIsNotTheChoosenAdapter PrimaryIsNotTheChoosenAdapter PrimaryIsNotTheChoosenAdapter FoundDriverCount:0 
[2023.07.09-09.54.53:515][  0]LogD3D11RHI:     Adapter Name: NVIDIA GeForce GTX 950M
[2023.07.09-09.54.53:515][  0]LogD3D11RHI:   Driver Version: Unknown (internal:Unknown, unified:Unknown)
[2023.07.09-09.54.53:515][  0]LogD3D11RHI:      Driver Date: Unknown
[2023.07.09-09.54.53:515][  0]LogRHI: Texture pool is 2845 MB (70% of 4064 MB)
[2023.07.09-09.54.53:515][  0]LogD3D11RHI: Creating D3DDevice using adapter:
[2023.07.09-09.54.53:515][  0]LogD3D11RHI:     Description : NVIDIA GeForce GTX 950M
[2023.07.09-09.54.53:515][  0]LogD3D11RHI:     VendorId    : 10de
[2023.07.09-09.54.53:515][  0]LogD3D11RHI:     DeviceId    : 139a
[2023.07.09-09.54.53:515][  0]LogD3D11RHI:     SubSysId    : 9631025
[2023.07.09-09.54.53:515][  0]LogD3D11RHI:     Revision    : 00a2
[2023.07.09-09.54.53:515][  0]LogD3D11RHI:     DedicatedVideoMemory : 4262330368 bytes
[2023.07.09-09.54.53:516][  0]LogD3D11RHI:     DedicatedSystemMemory : 0 bytes
[2023.07.09-09.54.53:516][  0]LogD3D11RHI:     SharedSystemMemory : 4250116096 bytes
[2023.07.09-09.54.53:516][  0]LogD3D11RHI:     AdapterLuid : 0 41816
[2023.07.09-09.54.53:541][  0]LogD3D11RHI: RHI does not have support for 64 bit atomics
[2023.07.09-09.54.53:542][  0]LogD3D11RHI: Async texture creation enabled
[2023.07.09-09.54.53:567][  0]LogD3D11RHI: GPU Timing Frequency: 1000.000000 (Debug: 2 2)
[2023.07.09-09.54.53:636][  0]LogRHI: GeForceNow SDK initialized: 1
[2023.07.09-09.54.54:241][  0]LogTargetPlatformManager: Display: Loaded TargetPlatform 'AllDesktop'
[2023.07.09-09.54.54:282][  0]LogTargetPlatformManager: Display: Loaded TargetPlatform 'Android'
[2023.07.09-09.54.54:282][  0]LogTargetPlatformManager: Display: Loaded TargetPlatform 'Android_ASTC'
[2023.07.09-09.54.54:282][  0]LogTargetPlatformManager: Display: Loaded TargetPlatform 'Android_DXT'
[2023.07.09-09.54.54:282][  0]LogTargetPlatformManager: Display: Loaded TargetPlatform 'Android_ETC2'
[2023.07.09-09.54.54:282][  0]LogTargetPlatformManager: Display: Loaded TargetPlatform 'AndroidClient'
[2023.07.09-09.54.54:282][  0]LogTargetPlatformManager: Display: Loaded TargetPlatform 'Android_ASTCClient'
[2023.07.09-09.54.54:282][  0]LogTargetPlatformManager: Display: Loaded TargetPlatform 'Android_DXTClient'
[2023.07.09-09.54.54:282][  0]LogTargetPlatformManager: Display: Loaded TargetPlatform 'Android_ETC2Client'
[2023.07.09-09.54.54:282][  0]LogTargetPlatformManager: Display: Loaded TargetPlatform 'Android_Multi'
[2023.07.09-09.54.54:282][  0]LogTargetPlatformManager: Display: Loaded TargetPlatform 'Android_MultiClient'
[2023.07.09-09.54.54:308][  0]LogTargetPlatformManager: Display: Loaded TargetPlatform 'IOSClient'
[2023.07.09-09.54.54:308][  0]LogTargetPlatformManager: Display: Loaded TargetPlatform 'IOS'
[2023.07.09-09.54.54:322][  0]LogTargetPlatformManager: Display: Loaded TargetPlatform 'Linux'
[2023.07.09-09.54.54:329][  0]LogTargetPlatformManager: Display: Loaded TargetPlatform 'LinuxNoEditor'
[2023.07.09-09.54.54:335][  0]LogTargetPlatformManager: Display: Loaded TargetPlatform 'LinuxClient'
[2023.07.09-09.54.54:342][  0]LogTargetPlatformManager: Display: Loaded TargetPlatform 'LinuxServer'
[2023.07.09-09.54.54:361][  0]LogTargetPlatformManager: Display: Loaded TargetPlatform 'LinuxAArch64NoEditor'
[2023.07.09-09.54.54:372][  0]LogTargetPlatformManager: Display: Loaded TargetPlatform 'LinuxAArch64Client'
[2023.07.09-09.54.54:381][  0]LogTargetPlatformManager: Display: Loaded TargetPlatform 'LinuxAArch64Server'
[2023.07.09-09.54.54:440][  0]LogTargetPlatformManager: Display: Loaded TargetPlatform 'Lumin'
[2023.07.09-09.54.54:440][  0]LogTargetPlatformManager: Display: Loaded TargetPlatform 'LuminClient'
[2023.07.09-09.54.54:460][  0]LogTargetPlatformManager: Display: Loaded TargetPlatform 'MacNoEditor'
[2023.07.09-09.54.54:467][  0]LogTargetPlatformManager: Display: Loaded TargetPlatform 'Mac'
[2023.07.09-09.54.54:473][  0]LogTargetPlatformManager: Display: Loaded TargetPlatform 'MacClient'
[2023.07.09-09.54.54:481][  0]LogTargetPlatformManager: Display: Loaded TargetPlatform 'MacServer'
[2023.07.09-09.54.54:505][  0]LogTargetPlatformManager: Display: Loaded TargetPlatform 'TVOSClient'
[2023.07.09-09.54.54:505][  0]LogTargetPlatformManager: Display: Loaded TargetPlatform 'TVOS'
[2023.07.09-09.54.54:525][  0]LogTargetPlatformManager: Display: Loaded TargetPlatform 'WindowsNoEditor'
[2023.07.09-09.54.54:532][  0]LogTargetPlatformManager: Display: Loaded TargetPlatform 'Windows'
[2023.07.09-09.54.54:539][  0]LogTargetPlatformManager: Display: Loaded TargetPlatform 'WindowsClient'
[2023.07.09-09.54.54:548][  0]LogTargetPlatformManager: Display: Loaded TargetPlatform 'WindowsServer'
[2023.07.09-09.54.54:548][  0]LogTargetPlatformManager: Display: Building Assets For Windows
[2023.07.09-09.54.54:564][  0]LogAudioDebug: Display: Lib vorbis DLL was dynamically loaded.
[2023.07.09-09.54.54:643][  0]LogTextureFormatOodle: Display: Oodle Texture 2.9.0 init RDO Off
[2023.07.09-09.54.54:716][  0]LogRendererCore: Ray tracing is disabled. Reason: r.RayTracing=0.
[2023.07.09-09.54.54:716][  0]LogShaderCompilers: Guid format shader working directory is -23 characters bigger than the processId version (../../../../../../Users/bbrat/Desktop/Gry/I Rok/Programowanie/TDS_BB/Intermediate/Shaders/WorkingDirectory/20084/).
[2023.07.09-09.54.54:717][  0]LogShaderCompilers: Cleaned the shader compiler working directory 'C:/Users/bbrat/AppData/Local/Temp/UnrealShaderWorkingDir/ED2BF09740CD2E986A68B289EF54B015/'.
[2023.07.09-09.54.54:717][  0]LogXGEController: Cannot use XGE Controller as Incredibuild is not installed on this machine.
[2023.07.09-09.54.54:717][  0]LogShaderCompilers: Cannot use XGE Shader Compiler as Incredibuild is not installed on this machine.
[2023.07.09-09.54.54:718][  0]LogShaderCompilers: Display: Using Local Shader Compiler.
[2023.07.09-09.54.55:950][  0]LogDerivedDataCache: Display: Max Cache Size: 512 MB
[2023.07.09-09.54.56:042][  0]LogDerivedDataCache: Loaded boot cache 0.09s 94MB C:/Users/bbrat/AppData/Local/UnrealEngine/4.27/DerivedDataCache/Boot.ddc.
[2023.07.09-09.54.56:042][  0]LogDerivedDataCache: Display: Loaded Boot cache: C:/Users/bbrat/AppData/Local/UnrealEngine/4.27/DerivedDataCache/Boot.ddc
[2023.07.09-09.54.56:042][  0]LogDerivedDataCache: FDerivedDataBackendGraph:  Pak pak cache file ../../../../../../Users/bbrat/Desktop/Gry/I Rok/Programowanie/TDS_BB/DerivedDataCache/DDC.ddp not found, will not use a pak cache.
[2023.07.09-09.54.56:042][  0]LogDerivedDataCache: Unable to find inner node Pak for hierarchical cache Hierarchy.
[2023.07.09-09.54.56:042][  0]LogDerivedDataCache: FDerivedDataBackendGraph:  CompressedPak pak cache file ../../../../../../Users/bbrat/Desktop/Gry/I Rok/Programowanie/TDS_BB/DerivedDataCache/Compressed.ddp not found, will not use a pak cache.
[2023.07.09-09.54.56:042][  0]LogDerivedDataCache: Unable to find inner node CompressedPak for hierarchical cache Hierarchy.
[2023.07.09-09.54.56:066][  0]LogDerivedDataCache: Display: Pak cache opened for reading ../../../Engine/DerivedDataCache/Compressed.ddp.
[2023.07.09-09.54.56:066][  0]LogDerivedDataCache: FDerivedDataBackendGraph:  EnterprisePak pak cache file ../../../Enterprise/DerivedDataCache/Compressed.ddp not found, will not use a pak cache.
[2023.07.09-09.54.56:066][  0]LogDerivedDataCache: Unable to find inner node EnterprisePak for hierarchical cache Hierarchy.
[2023.07.09-09.54.56:079][  0]LogDerivedDataCache: Speed tests for C:/Users/bbrat/AppData/Local/UnrealEngine/Common/DerivedDataCache took 0.01 seconds
[2023.07.09-09.54.56:079][  0]LogDerivedDataCache: Display: Performance to C:/Users/bbrat/AppData/Local/UnrealEngine/Common/DerivedDataCache: Latency=0.04ms. RandomReadSpeed=651.36MBs, RandomWriteSpeed=85.54MBs. Assigned SpeedClass 'Local'
[2023.07.09-09.54.56:080][  0]LogDerivedDataCache: Using Local data cache path C:/Users/bbrat/AppData/Local/UnrealEngine/Common/DerivedDataCache: Writable
[2023.07.09-09.54.56:080][  0]LogDerivedDataCache: Shared data cache path not found in *engine.ini, will not use an Shared cache.
[2023.07.09-09.54.56:080][  0]LogDerivedDataCache: Unable to find inner node Shared for hierarchical cache Hierarchy.
[2023.07.09-09.54.56:170][  0]LogSlate: Using FreeType 2.10.0
[2023.07.09-09.54.56:171][  0]LogSlate: SlateFontServices - WITH_FREETYPE: 1, WITH_HARFBUZZ: 1
[2023.07.09-09.54.56:218][  0]LogAssetRegistry: FAssetRegistry took 0.0036 seconds to start up
[2023.07.09-09.54.56:675][  0]LogInit: Selected Device Profile: [Windows]
[2023.07.09-09.54.56:676][  0]LogInit: Active device profile: [000001D52F1ECF00][000001D52DB4A200 49] Windows
[2023.07.09-09.54.56:676][  0]LogInit: Profiles: [000001D52F1ECF00][000001D52DB4A200 49] Windows, [000001D52F1A6400][000001D52EEB2380 49] WindowsNoEditor, [000001D52F1EDF00][000001D52EEB6500 49] WindowsServer, [000001D52F1A5600][000001D52EEBA680 49] WindowsClient, [000001D52F1ED000][000001D52EEBE800 49] IOS, [000001D52F1A7A00][000001D52EEC2980 49] iPadAir, [000001D52F1EF300][000001D52EEC6B00 49] iPadAir2, [000001D52F0F1300][000001D52EECAD40 49] IPadPro, [000001D52F0F1400][000001D52EEAED80 49] iPadAir3, [000001D52F1A4B00][000001D52EECEEC0 49] iPadAir4, [000001D52F0F2100][000001D52EED7040 49] iPadMini2, [000001D52F1A7400][000001D52EEDB1C0 49] iPadMini3, [000001D52F0F2C00][000001D52EEDF340 49] iPadMini4, [000001D52F1A6700][000001D52EEE34C0 49] iPadMini5, [000001D52F10CE00][000001D52EEEB780 49] iPhone6, [000001D52F10CF00][000001D52EEE77C0 49] iPodTouch6, [000001D52F1EE800][000001D52EEF3A80 49] iPhone7, [000001D52F1EE900][000001D52EEEFAC0 49] iPodTouch7, [000001D52F0F0C00][000001D52EEF60C0 49] iPhone5S, [000001D52F1ED300][000001D52EEFA240 49] iPhone6Plus, [000001D52F0F2A00][000001D52EEFE3C0 49] iPhone6S, [000001D52F1EED00][000001D52EF02540 49] iPhone6SPlus, [000001D52F10C100][000001D52EF066C0 49] iPhone7Plus, [000001D52F0F1D00][000001D52EF0A840 49] iPhoneSE, [000001D52F10CC00][000001D52EF0E9C0 49] iPhone8, [000001D52F0F0400][000001D52EF12B40 49] iPhone8Plus, [000001D52F10EA00][000001D52EF16CC0 49] iPhoneX, [000001D52F0F3C00][000001D52EED2E00 49] iPhoneXS, [000001D52F10E900][000001D52EF1AF40 49] iPhoneXSMax, [000001D52F0F0B00][000001D52EF1F080 49] iPhoneXR, [000001D52F1EF800][000001D52EF231C0 49] iPhone11, [000001D52F0F3D00][000001D52EF2B340 49] iPhone11Pro, [000001D52F1EDC00][000001D52EF2F4C0 49] iPhone11ProMax, [000001D52F0F1100][000001D52EF33640 49] iPhoneSE2, [000001D52F1ED200][000001D52EF377C0 49] iPhone12Mini, [000001D52F0F3100][000001D52EF3B940 49] iPhone12, [000001D52F1EC900][000001D52EF3FAC0 49] iPhone12Pro, [000001D52F0F0D00][000001D52EF420C0 49] iPhone12ProMax, [000001D52F1EFC00][000001D52EF46240 49] iPadPro105, [000001D52F0F3700][000001D52EF4A3C0 49] iPadPro129, [000001D52F1EF000][000001D52EF4E540 49] iPadPro97, [000001D52F0F0F00][000001D52EF526C0 49] iPadPro2_129, [000001D52F1ECC00][000001D52EF56840 49] iPad5, [000001D52F0F3B00][000001D52EF5A9C0 49] iPad6, [000001D52F1EC400][000001D52FF70B40 49] iPad7, [000001D52F0F3E00][000001D52FF74CC0 49] iPad8, [000001D52F1EDB00][000001D52FF78E40 49] iPadPro11, [000001D52F0F2400][000001D52EF26F80 49] iPadPro2_11, [000001D52F1EC800][000001D52FF7D0C0 49] iPadPro3_129, [000001D52F0F2800][000001D52FF81200 49] iPadPro4_129, [000001D52F1EEF00][000001D52FF85340 49] AppleTV, [000001D52F0F1200][000001D52FF8D4C0 49] AppleTV4K, [000001D52F1ED700][000001D52FF91640 49] TVOS, [000001D52F0F3600][000001D52FF957C0 49] Mac, [000001D52F1EFA00][000001D52FF99940 49] MacClient, [000001D52F0F2500][000001D52FF9DAC0 49] MacNoEditor, [000001D52F1EC500][000001D52FFA00C0 49] MacServer, [000001D52F0F2000][000001D52FFA4240 49] Linux, [000001D52F1EFB00][000001D52FFA83C0 49] LinuxAArch64, [000001D52F0F0300][000001D52FFAC540 49] LinuxNoEditor, [000001D52F1EF700][000001D52FFB06C0 49] LinuxAArch64NoEditor, [000001D52F0F2600][000001D52FFB4840 49] LinuxClient, [000001D52F1EE600][000001D52FFB89C0 49] LinuxAArch64Client, [000001D52F0F1A00][000001D52FFBCB40 49] LinuxServer, [000001D52F1EC200][000001D52FFC0CC0 49] LinuxAArch64Server, [000001D52F0F1600][000001D52FFC4E40 49] Android, [000001D52F1EE100][000001D52FFC8FC0 49] Android_Low, [000001D52F0F3800][000001D52FFCD140 49] Android_Mid, [000001D52F1EC600][000001D52FF89280 49] Android_High, [000001D52F0F2300][000001D52FFD13C0 49] Android_Default, [000001D52F1EE300][000001D52FFD5500 49] Android_Adreno4xx, [000001D52F0F3000][000001D52FFDD680 49] Android_Adreno5xx_Low, [000001D52F1EEA00][000001D52FFE1800 49] Android_Adreno5xx, [000001D52F0F0100][000001D52FFE5980 49] Android_Adreno6xx, [000001D52F1ECB00][000001D52FFE9B00 49] Android_Adreno6xx_Vulkan, [000001D52F0F0A00][000001D52FFEC100 49] Android_Mali_T6xx, [000001D52F1EC700][000001D52FFF0280 49] Android_Mali_T7xx, [000001D52F1A5A00][000001D52FFF4400 49] Android_Mali_T8xx, [000001D52F10C300][000001D52FFF8580 49] Android_Mali_G71, [000001D52F1A4600][000001D52FFFC700 49] Android_Mali_G72, [000001D52F10D200][000001D530000880 49] Android_Mali_G72_Vulkan, [000001D52F1A7E00][000001D530004A00 49] Android_Mali_G76, [000001D52F10C700][000001D530008B80 49] Android_Mali_G76_Vulkan, [000001D52F1A7D00][000001D53000CD00 49] Android_Mali_G77, [000001D52F10FB00][000001D530010E80 49] Android_Mali_G77_Vulkan, [000001D52F1A5B00][000001D530015000 49] Android_Mali_G78, [000001D52F10F100][000001D530019180 49] Android_Mali_G78_Vulkan, [000001D52F1A7900][000001D53001D300 49] Android_Mali_G710, [000001D52F10EC00][000001D52FFD9440 49] Android_Mali_G710_Vulkan, [000001D52F1A7600][000001D530021580 49] Android_Vulkan_SM5, [000001D52F10F800][000001D5300256C0 49] Android_PowerVR_G6xxx, [000001D52F1A5900][000001D53002D840 49] Android_PowerVR_GT7xxx, [000001D52F10DD00][000001D5300319C0 49] Android_PowerVR_GE8xxx, [000001D52F1A6D00][000001D530035B40 49] Android_PowerVR_GM9xxx, [000001D52F10C800][000001D530038140 49] Android_PowerVR_GM9xxx_Vulkan, [000001D52F1A5C00][000001D53003C2C0 49] Android_TegraK1, [000001D52F10D000][000001D530040440 49] Android_Unknown_Vulkan, [000001D52F1A6300][000001D5300445C0 49] Lumin, [000001D52F10FE00][000001D530048740 49] Lumin_Desktop, [000001D52F1A6B00][000001D53004C8C0 49] HoloLens, 
[2023.07.09-09.54.56:919][  0]LogMeshReduction: Using QuadricMeshReduction for automatic static mesh reduction
[2023.07.09-09.54.56:919][  0]LogMeshReduction: Using SimplygonMeshReduction for automatic skeletal mesh reduction
[2023.07.09-09.54.56:919][  0]LogMeshReduction: Using ProxyLODMeshReduction for automatic mesh merging
[2023.07.09-09.54.56:919][  0]LogMeshReduction: No distributed automatic mesh merging module available
[2023.07.09-09.54.56:919][  0]LogMeshMerging: No distributed automatic mesh merging module available
[2023.07.09-09.54.56:949][  0]LogNetVersion: TDS_BB 1.0.0, NetCL: 17155196, EngineNetVer: 17, GameNetVer: 0 (Checksum: 3598495727)
[2023.07.09-09.54.57:940][  0]LogTexture: Default maximum texture size for cubemaps generated from long-lat sources has been changed from 512 to unlimited. In order to preserve old behaiour for '/Engine/MapTemplates/Sky/DaylightAmbientCubemap.DaylightAmbientCubemap', its maximum texture size has been explicitly set to 512.
[2023.07.09-09.54.58:066][  0]LogHMD: PokeAHoleMaterial loaded successfully
[2023.07.09-09.54.58:079][  0]LogUObjectArray: 17178 objects as part of root set at end of initial load.
[2023.07.09-09.54.58:079][  0]LogUObjectAllocator: 4302048 out of 0 bytes used by permanent object pool.
[2023.07.09-09.54.58:079][  0]LogUObjectArray: CloseDisregardForGC: 0/0 objects in disregard for GC pool
[2023.07.09-09.54.58:601][  0]LogNiagaraDebuggerClient: Niagara Debugger Client Initialized | Session: 537EC066414CC8E9254C089F23E6B081 | Instance: 1B8A693344720B6F3F14A7BB9B0ECF8A (DESKTOP-F1QL4LB-20084).
[2023.07.09-09.54.58:676][  0]LogPython: Using Python 3.7.7
[2023.07.09-09.54.59:588][  0]LogTcpMessaging: Initializing TcpMessaging bridge
[2023.07.09-09.54.59:615][  0]LogUdpMessaging: Initializing bridge on interface 0.0.0.0:0 to multicast group 230.0.0.1:6666.
[2023.07.09-09.54.59:836][  0]SourceControl: Source control is disabled
[2023.07.09-09.54.59:836][  0]SourceControl: Source control is disabled
[2023.07.09-09.54.59:840][  0]SourceControl: Source control is disabled
[2023.07.09-09.54.59:844][  0]SourceControl: Source control is disabled
[2023.07.09-09.54.59:856][  0]SourceControl: Source control is disabled
[2023.07.09-09.54.59:865][  0]LogUProjectInfo: Found projects:
[2023.07.09-09.54.59:874][  0]LogVSAccessor: Display: Unable to create Visual Studio setup instance: 80040154
[2023.07.09-09.54.59:875][  0]LogVSAccessor: Display: Unable to create Visual Studio setup instance: 80040154
[2023.07.09-09.54.59:876][  0]LogVSAccessor: Display: Unable to create Visual Studio setup instance: 80040154
[2023.07.09-09.55.00:199][  0]LogOpenImageDenoise: OIDN starting up
[2023.07.09-09.55.00:260][  0]LogAndroidPermission: UAndroidPermissionCallbackProxy::GetInstance
[2023.07.09-09.55.00:291][  0]LogAudioCaptureCore: Display: No Audio Capture implementations found. Audio input will be silent.
[2023.07.09-09.55.00:291][  0]LogAudioCaptureCore: Display: No Audio Capture implementations found. Audio input will be silent.
[2023.07.09-09.55.00:495][  0]LogCollectionManager: Loaded 0 collections in 0.002315 seconds
[2023.07.09-09.55.00:506][  0]LogFileCache: Scanning file cache for directory 'C:/Users/bbrat/Desktop/Gry/I Rok/Programowanie/TDS_BB/Saved/Collections/' took 0.00s
[2023.07.09-09.55.00:506][  0]LogFileCache: Scanning file cache for directory 'C:/Users/bbrat/Desktop/Gry/I Rok/Programowanie/TDS_BB/Content/Developers/bbrat/Collections/' took 0.00s
[2023.07.09-09.55.00:506][  0]LogFileCache: Scanning file cache for directory 'C:/Users/bbrat/Desktop/Gry/I Rok/Programowanie/TDS_BB/Content/Collections/' took 0.00s
[2023.07.09-09.55.00:532][  0]LogOcInput: OculusInput pre-init called
[2023.07.09-09.55.01:073][  0]LogEngine: Initializing Engine...
[2023.07.09-09.55.01:078][  0]LogHMD: Failed to enumerate extensions. Please check that you have a valid OpenXR runtime installed.
[2023.07.09-09.55.01:078][  0]LogHMD: Failed to initialize OpenVR with code 110
[2023.07.09-09.55.01:078][  0]LogMagicLeap: Warning: VR disabled because ZI is not enabled.  To enable, in the editor, Edit -> Project Settings -> Plugins -> Magic Leap Plugin -> Enable Zero Iteration
[2023.07.09-09.55.01:079][  0]LogStats: UGameplayTagsManager::InitializeManager -  0.000 s
[2023.07.09-09.55.01:293][  0]LogInit: Initializing FReadOnlyCVARCache
[2023.07.09-09.55.01:307][  0]LogAIModule: Creating AISystem for world Untitled
[2023.07.09-09.55.01:343][  0]LogAudio: Display: Initializing Audio Device Manager...
[2023.07.09-09.55.01:349][  0]LogAudio: Display: Loading Default Audio Settings Objects...
[2023.07.09-09.55.01:350][  0]LogAudio: Display: No default SoundConcurrencyObject specified (or failed to load).
[2023.07.09-09.55.01:351][  0]LogAudio: Display: Audio Device Manager Initialized
[2023.07.09-09.55.01:351][  0]LogAudio: Display: Creating Audio Device:                 Id: 1, Scope: Shared, Realtime: True
[2023.07.09-09.55.01:351][  0]LogAudioMixer: Display: Audio Mixer Platform Settings:
[2023.07.09-09.55.01:351][  0]LogAudioMixer: Display: 	Sample Rate:						  48000
[2023.07.09-09.55.01:351][  0]LogAudioMixer: Display: 	Callback Buffer Frame Size Requested: 1024
[2023.07.09-09.55.01:351][  0]LogAudioMixer: Display: 	Callback Buffer Frame Size To Use:	  1024
[2023.07.09-09.55.01:351][  0]LogAudioMixer: Display: 	Number of buffers to queue:			  2
[2023.07.09-09.55.01:351][  0]LogAudioMixer: Display: 	Max Channels (voices):				  32
[2023.07.09-09.55.01:351][  0]LogAudioMixer: Display: 	Number of Async Source Workers:		  0
[2023.07.09-09.55.01:351][  0]LogAudio: Display: AudioDevice MaxSources: 32
[2023.07.09-09.55.01:351][  0]LogAudio: Display: Audio Spatialization Plugin: None (built-in).
[2023.07.09-09.55.01:351][  0]LogAudio: Display: Audio Reverb Plugin: None (built-in).
[2023.07.09-09.55.01:351][  0]LogAudio: Display: Audio Occlusion Plugin: None (built-in).
[2023.07.09-09.55.01:351][  0]LogAudioMixer: Display: Initializing audio mixer.
[2023.07.09-09.55.01:365][  0]LogAudioMixer: Display: 0: FrontLeft
[2023.07.09-09.55.01:365][  0]LogAudioMixer: Display: 1: FrontRight
[2023.07.09-09.55.01:397][  0]LogAudioMixer: Display: Using Audio Device Głośniki (Realtek High Definition Audio)
[2023.07.09-09.55.01:405][  0]LogAudioMixer: Display: Initializing Sound Submixes...
[2023.07.09-09.55.01:408][  0]LogAudioMixer: Display: Creating Master Submix 'MasterSubmixDefault'
[2023.07.09-09.55.01:408][  0]LogAudioMixer: Display: Creating Master Submix 'MasterReverbSubmixDefault'
[2023.07.09-09.55.01:409][  0]LogAudioMixer: Display: Creating Master Submix 'MasterEQSubmixDefault'
[2023.07.09-09.55.01:409][  0]LogAudioMixer: FMixerPlatformXAudio2::StartAudioStream() called
[2023.07.09-09.55.01:409][  0]LogAudioMixer: Display: Output buffers initialized: Frames=1024, Channels=2, Samples=2048
[2023.07.09-09.55.01:410][  0]LogAudioMixer: Display: Starting AudioMixerPlatformInterface::RunInternal()
[2023.07.09-09.55.01:410][  0]LogAudioMixer: Display: FMixerPlatformXAudio2::SubmitBuffer() called for the first time
[2023.07.09-09.55.01:410][  0]LogInit: FAudioDevice initialized.
[2023.07.09-09.55.01:411][  0]LogAudio: Display: Audio Device (ID: 1) registered with world 'Untitled'.
[2023.07.09-09.55.01:411][  0]LogNetVersion: Set ProjectVersion to 1.0.0.0. Version Checksum will be recalculated on next use.
[2023.07.09-09.55.01:515][  0]LogDerivedDataCache: Saved boot cache 0.10s 94MB C:/Users/bbrat/AppData/Local/UnrealEngine/4.27/DerivedDataCache/Boot.ddc.
[2023.07.09-09.55.01:516][  0]LogInit: Texture streaming: Enabled
[2023.07.09-09.55.01:539][  0]LogAnalytics: Display: [UEEditor.Rocket.Release] APIServer = https://datarouter.ol.epicgames.com/. AppVersion = 4.27.2-18319896+++UE4+Release-4.27
[2023.07.09-09.55.01:546][  0]LogEngineSessionManager: EngineSessionManager initialized
[2023.07.09-09.55.01:546][  0]LogEditorSessionSummary: Verbose: Initializing EditorSessionSummaryWriter for editor session tracking
[2023.07.09-09.55.01:553][  0]LogEditorSessionSummary: EditorSessionSummaryWriter initialized
[2023.07.09-09.55.01:576][  0]LogInit: Transaction tracking system initialized
[2023.07.09-09.55.01:618][  0]BlueprintLog: New page: Editor Load
[2023.07.09-09.55.01:847][  0]LocalizationService: Localization service is disabled
[2023.07.09-09.55.01:903][  0]TimingProfiler: Initialize
[2023.07.09-09.55.01:904][  0]TimingProfiler: OnSessionChanged
[2023.07.09-09.55.01:904][  0]LoadingProfiler: Initialize
[2023.07.09-09.55.01:904][  0]LoadingProfiler: OnSessionChanged
[2023.07.09-09.55.01:904][  0]NetworkingProfiler: Initialize
[2023.07.09-09.55.01:904][  0]NetworkingProfiler: OnSessionChanged
[2023.07.09-09.55.01:904][  0]MemoryProfiler: Initialize
[2023.07.09-09.55.01:904][  0]MemoryProfiler: OnSessionChanged
[2023.07.09-09.55.02:084][  0]LogVSAccessor: Display: Unable to create Visual Studio setup instance: 80040154
[2023.07.09-09.55.02:085][  0]LogVSAccessor: Display: Unable to create Visual Studio setup instance: 80040154
[2023.07.09-09.55.02:086][  0]LogVSAccessor: Display: Unable to create Visual Studio setup instance: 80040154
[2023.07.09-09.55.02:285][  0]LogCook: Display: CookSettings for Memory: MemoryMaxUsedVirtual 0MiB, MemoryMaxUsedPhysical 16384MiB, MemoryMinFreeVirtual 0MiB, MemoryMinFreePhysical 1024MiB
[2023.07.09-09.55.02:286][  0]LogFileCache: Scanning file cache for directory 'C:/Users/bbrat/Desktop/Gry/I Rok/Programowanie/TDS_BB/Content/' took 0.00s
[2023.07.09-09.55.02:286][  0]LogCook: Display: Mobile HDR setting 1
[2023.07.09-09.55.03:162][  0]LogInit: Display: Engine is initialized. Leaving FEngineLoop::Init()
[2023.07.09-09.55.03:172][  0]SourceControl: Source control is disabled
[2023.07.09-09.55.03:172][  0]LogUnrealEdMisc: Loading editor; pre map load, took 12.555
[2023.07.09-09.55.03:172][  0]Cmd: MAP LOAD FILE="../../../Engine/Content/Maps/Templates/Template_Default.umap" TEMPLATE=1 SHOWPROGRESS=1 FEATURELEVEL=3
[2023.07.09-09.55.03:173][  0]LightingResults: New page: Lighting Build
[2023.07.09-09.55.03:176][  0]LogWorld: UWorld::CleanupWorld for Untitled, bSessionEnded=true, bCleanupResources=true
[2023.07.09-09.55.03:176][  0]LogSlate: InvalidateAllWidgets triggered.  All widgets were invalidated
[2023.07.09-09.55.03:178][  0]MapCheck: New page: Map Check
[2023.07.09-09.55.03:178][  0]LightingResults: New page: Lighting Build
[2023.07.09-09.55.03:187][  0]LogAudio: Display: Audio Device unregistered from world 'None'.
[2023.07.09-09.55.03:193][  0]LogUObjectHash: Compacting FUObjectHashTables data took   2.03ms
[2023.07.09-09.55.03:334][  0]LogTexture: Display: Building textures: DeprecatedTextureEB9CBE3C423008B5E8E130901E171C89 (BGRA8, 128X128)
[2023.07.09-09.55.03:344][  0]LogAudio: Display: Audio Device (ID: 1) registered with world 'Untitled_1'.
[2023.07.09-09.55.03:346][  0]LogAIModule: Creating AISystem for world Untitled_1
[2023.07.09-09.55.03:354][  0]LogEditorServer: Finished looking for orphan Actors (0.000 secs)
[2023.07.09-09.55.03:373][  0]LogUObjectHash: Compacting FUObjectHashTables data took   1.90ms
[2023.07.09-09.55.03:374][  0]Cmd: MAP CHECKDEP NOCLEARLOG
[2023.07.09-09.55.03:374][  0]MapCheck: Map check complete: 0 Error(s), 0 Warning(s), took 0,417ms to complete.
[2023.07.09-09.55.03:374][  0]LogFileHelpers: Loading map 'Template_Default' took 0.202
[2023.07.09-09.55.03:378][  0]LogUnrealEdMisc: Total Editor Startup Time, took 12.760
[2023.07.09-09.55.03:612][  0]LogSlate: Updating window title bar state: overlay mode, drag disabled, window buttons hidden, title bar hidden
[2023.07.09-09.55.03:624][  0]LogSlate: Updating window title bar state: overlay mode, drag disabled, window buttons hidden, title bar hidden
[2023.07.09-09.55.03:636][  0]LogSlate: Updating window title bar state: overlay mode, drag disabled, window buttons hidden, title bar hidden
[2023.07.09-09.55.03:648][  0]LogSlate: Updating window title bar state: overlay mode, drag disabled, window buttons hidden, title bar hidden
[2023.07.09-09.55.03:671][  0]LogNativeClassHierarchy: Verbose: Native class hierarchy populated in 0.0160 seconds. Added 3822 classes and 928 folders.
[2023.07.09-09.55.03:675][  0]LogNativeClassHierarchy: Verbose: Native class hierarchy updated for 'WidgetCarousel' in 0.0005 seconds. Added 0 classes and 0 folders.
[2023.07.09-09.55.03:678][  0]LogPakFile: PakFile PrimaryIndexSize=187
[2023.07.09-09.55.03:678][  0]LogPakFile: PakFile PathHashIndexSize=101
[2023.07.09-09.55.03:678][  0]LogPakFile: PakFile FullDirectoryIndexSize=148
[2023.07.09-09.55.03:678][  0]LogShaderLibrary: Display: ShaderCodeLibraryPakFileMountedCallback: PakFile 'C:/Program Files/Epic Games/UE_4.27/FeaturePacks/FP_FirstPerson.upack' (chunk index -1, root 'root:/') mounted
[2023.07.09-09.55.03:678][  0]LogShaderLibrary: Display: ShaderCodeLibraryPakFileMountedCallback: pending pak file info (ChunkID:-1 Root:root:/ File:C:/Program Files/Epic Games/UE_4.27/FeaturePacks/FP_FirstPerson.upack)
[2023.07.09-09.55.03:678][  0]LogPakFile: OnPakFileMounted2Time == 0.000081
[2023.07.09-09.55.03:679][  0]LogPakFile: PakFile PrimaryIndexSize=189
[2023.07.09-09.55.03:679][  0]LogPakFile: PakFile PathHashIndexSize=101
[2023.07.09-09.55.03:679][  0]LogPakFile: PakFile FullDirectoryIndexSize=152
[2023.07.09-09.55.03:679][  0]LogShaderLibrary: Display: ShaderCodeLibraryPakFileMountedCallback: PakFile 'C:/Program Files/Epic Games/UE_4.27/FeaturePacks/FP_FirstPersonBP.upack' (chunk index -1, root 'root:/') mounted
[2023.07.09-09.55.03:679][  0]LogShaderLibrary: Display: ShaderCodeLibraryPakFileMountedCallback: pending pak file info (ChunkID:-1 Root:root:/ File:C:/Program Files/Epic Games/UE_4.27/FeaturePacks/FP_FirstPersonBP.upack)
[2023.07.09-09.55.03:679][  0]LogPakFile: OnPakFileMounted2Time == 0.000056
[2023.07.09-09.55.03:680][  0]LogPakFile: PakFile PrimaryIndexSize=191
[2023.07.09-09.55.03:680][  0]LogPakFile: PakFile PathHashIndexSize=101
[2023.07.09-09.55.03:680][  0]LogPakFile: PakFile FullDirectoryIndexSize=160
[2023.07.09-09.55.03:680][  0]LogShaderLibrary: Display: ShaderCodeLibraryPakFileMountedCallback: PakFile 'C:/Program Files/Epic Games/UE_4.27/FeaturePacks/MobileStarterContent.upack' (chunk index -1, root 'root:/') mounted
[2023.07.09-09.55.03:680][  0]LogShaderLibrary: Display: ShaderCodeLibraryPakFileMountedCallback: pending pak file info (ChunkID:-1 Root:root:/ File:C:/Program Files/Epic Games/UE_4.27/FeaturePacks/MobileStarterContent.upack)
[2023.07.09-09.55.03:680][  0]LogPakFile: OnPakFileMounted2Time == 0.000059
[2023.07.09-09.55.03:681][  0]LogPakFile: PakFile PrimaryIndexSize=185
[2023.07.09-09.55.03:681][  0]LogPakFile: PakFile PathHashIndexSize=101
[2023.07.09-09.55.03:681][  0]LogPakFile: PakFile FullDirectoryIndexSize=148
[2023.07.09-09.55.03:681][  0]LogShaderLibrary: Display: ShaderCodeLibraryPakFileMountedCallback: PakFile 'C:/Program Files/Epic Games/UE_4.27/FeaturePacks/StarterContent.upack' (chunk index -1, root 'root:/') mounted
[2023.07.09-09.55.03:681][  0]LogShaderLibrary: Display: ShaderCodeLibraryPakFileMountedCallback: pending pak file info (ChunkID:-1 Root:root:/ File:C:/Program Files/Epic Games/UE_4.27/FeaturePacks/StarterContent.upack)
[2023.07.09-09.55.03:681][  0]LogPakFile: OnPakFileMounted2Time == 0.000070
[2023.07.09-09.55.03:682][  0]LogPakFile: PakFile PrimaryIndexSize=190
[2023.07.09-09.55.03:682][  0]LogPakFile: PakFile PathHashIndexSize=101
[2023.07.09-09.55.03:682][  0]LogPakFile: PakFile FullDirectoryIndexSize=154
[2023.07.09-09.55.03:682][  0]LogShaderLibrary: Display: ShaderCodeLibraryPakFileMountedCallback: PakFile 'C:/Program Files/Epic Games/UE_4.27/FeaturePacks/TP_2DSideScroller.upack' (chunk index -1, root 'root:/') mounted
[2023.07.09-09.55.03:682][  0]LogShaderLibrary: Display: ShaderCodeLibraryPakFileMountedCallback: pending pak file info (ChunkID:-1 Root:root:/ File:C:/Program Files/Epic Games/UE_4.27/FeaturePacks/TP_2DSideScroller.upack)
[2023.07.09-09.55.03:682][  0]LogPakFile: OnPakFileMounted2Time == 0.000057
[2023.07.09-09.55.03:683][  0]LogPakFile: PakFile PrimaryIndexSize=192
[2023.07.09-09.55.03:683][  0]LogPakFile: PakFile PathHashIndexSize=101
[2023.07.09-09.55.03:683][  0]LogPakFile: PakFile FullDirectoryIndexSize=158
[2023.07.09-09.55.03:683][  0]LogShaderLibrary: Display: ShaderCodeLibraryPakFileMountedCallback: PakFile 'C:/Program Files/Epic Games/UE_4.27/FeaturePacks/TP_2DSideScrollerBP.upack' (chunk index -1, root 'root:/') mounted
[2023.07.09-09.55.03:683][  0]LogShaderLibrary: Display: ShaderCodeLibraryPakFileMountedCallback: pending pak file info (ChunkID:-1 Root:root:/ File:C:/Program Files/Epic Games/UE_4.27/FeaturePacks/TP_2DSideScrollerBP.upack)
[2023.07.09-09.55.03:683][  0]LogPakFile: OnPakFileMounted2Time == 0.000049
[2023.07.09-09.55.03:683][  0]LogPakFile: PakFile PrimaryIndexSize=182
[2023.07.09-09.55.03:683][  0]LogPakFile: PakFile PathHashIndexSize=101
[2023.07.09-09.55.03:683][  0]LogPakFile: PakFile FullDirectoryIndexSize=138
[2023.07.09-09.55.03:683][  0]LogShaderLibrary: Display: ShaderCodeLibraryPakFileMountedCallback: PakFile 'C:/Program Files/Epic Games/UE_4.27/FeaturePacks/TP_Flying.upack' (chunk index -1, root 'root:/') mounted
[2023.07.09-09.55.03:683][  0]LogShaderLibrary: Display: ShaderCodeLibraryPakFileMountedCallback: pending pak file info (ChunkID:-1 Root:root:/ File:C:/Program Files/Epic Games/UE_4.27/FeaturePacks/TP_Flying.upack)
[2023.07.09-09.55.03:683][  0]LogPakFile: OnPakFileMounted2Time == 0.000052
[2023.07.09-09.55.03:684][  0]LogPakFile: PakFile PrimaryIndexSize=184
[2023.07.09-09.55.03:684][  0]LogPakFile: PakFile PathHashIndexSize=101
[2023.07.09-09.55.03:684][  0]LogPakFile: PakFile FullDirectoryIndexSize=142
[2023.07.09-09.55.03:684][  0]LogShaderLibrary: Display: ShaderCodeLibraryPakFileMountedCallback: PakFile 'C:/Program Files/Epic Games/UE_4.27/FeaturePacks/TP_FlyingBP.upack' (chunk index -1, root 'root:/') mounted
[2023.07.09-09.55.03:684][  0]LogShaderLibrary: Display: ShaderCodeLibraryPakFileMountedCallback: pending pak file info (ChunkID:-1 Root:root:/ File:C:/Program Files/Epic Games/UE_4.27/FeaturePacks/TP_FlyingBP.upack)
[2023.07.09-09.55.03:684][  0]LogPakFile: OnPakFileMounted2Time == 0.000052
[2023.07.09-09.55.03:685][  0]LogPakFile: PakFile PrimaryIndexSize=188
[2023.07.09-09.55.03:685][  0]LogPakFile: PakFile PathHashIndexSize=101
[2023.07.09-09.55.03:685][  0]LogPakFile: PakFile FullDirectoryIndexSize=150
[2023.07.09-09.55.03:685][  0]LogShaderLibrary: Display: ShaderCodeLibraryPakFileMountedCallback: PakFile 'C:/Program Files/Epic Games/UE_4.27/FeaturePacks/TP_HandheldARBP.upack' (chunk index -1, root 'root:/') mounted
[2023.07.09-09.55.03:685][  0]LogShaderLibrary: Display: ShaderCodeLibraryPakFileMountedCallback: pending pak file info (ChunkID:-1 Root:root:/ File:C:/Program Files/Epic Games/UE_4.27/FeaturePacks/TP_HandheldARBP.upack)
[2023.07.09-09.55.03:685][  0]LogPakFile: OnPakFileMounted2Time == 0.000048
[2023.07.09-09.55.03:687][  0]LogPakFile: PakFile PrimaryIndexSize=182
[2023.07.09-09.55.03:687][  0]LogPakFile: PakFile PathHashIndexSize=101
[2023.07.09-09.55.03:687][  0]LogPakFile: PakFile FullDirectoryIndexSize=138
[2023.07.09-09.55.03:687][  0]LogShaderLibrary: Display: ShaderCodeLibraryPakFileMountedCallback: PakFile 'C:/Program Files/Epic Games/UE_4.27/FeaturePacks/TP_Puzzle.upack' (chunk index -1, root 'root:/') mounted
[2023.07.09-09.55.03:687][  0]LogShaderLibrary: Display: ShaderCodeLibraryPakFileMountedCallback: pending pak file info (ChunkID:-1 Root:root:/ File:C:/Program Files/Epic Games/UE_4.27/FeaturePacks/TP_Puzzle.upack)
[2023.07.09-09.55.03:687][  0]LogPakFile: OnPakFileMounted2Time == 0.000061
[2023.07.09-09.55.03:687][  0]LogPakFile: PakFile PrimaryIndexSize=184
[2023.07.09-09.55.03:687][  0]LogPakFile: PakFile PathHashIndexSize=101
[2023.07.09-09.55.03:687][  0]LogPakFile: PakFile FullDirectoryIndexSize=142
[2023.07.09-09.55.03:687][  0]LogShaderLibrary: Display: ShaderCodeLibraryPakFileMountedCallback: PakFile 'C:/Program Files/Epic Games/UE_4.27/FeaturePacks/TP_PuzzleBP.upack' (chunk index -1, root 'root:/') mounted
[2023.07.09-09.55.03:687][  0]LogShaderLibrary: Display: ShaderCodeLibraryPakFileMountedCallback: pending pak file info (ChunkID:-1 Root:root:/ File:C:/Program Files/Epic Games/UE_4.27/FeaturePacks/TP_PuzzleBP.upack)
[2023.07.09-09.55.03:687][  0]LogPakFile: OnPakFileMounted2Time == 0.000049
[2023.07.09-09.55.03:688][  0]LogPakFile: PakFile PrimaryIndexSize=183
[2023.07.09-09.55.03:688][  0]LogPakFile: PakFile PathHashIndexSize=101
[2023.07.09-09.55.03:688][  0]LogPakFile: PakFile FullDirectoryIndexSize=140
[2023.07.09-09.55.03:688][  0]LogShaderLibrary: Display: ShaderCodeLibraryPakFileMountedCallback: PakFile 'C:/Program Files/Epic Games/UE_4.27/FeaturePacks/TP_Rolling.upack' (chunk index -1, root 'root:/') mounted
[2023.07.09-09.55.03:688][  0]LogShaderLibrary: Display: ShaderCodeLibraryPakFileMountedCallback: pending pak file info (ChunkID:-1 Root:root:/ File:C:/Program Files/Epic Games/UE_4.27/FeaturePacks/TP_Rolling.upack)
[2023.07.09-09.55.03:688][  0]LogPakFile: OnPakFileMounted2Time == 0.000052
[2023.07.09-09.55.03:689][  0]LogPakFile: PakFile PrimaryIndexSize=185
[2023.07.09-09.55.03:689][  0]LogPakFile: PakFile PathHashIndexSize=101
[2023.07.09-09.55.03:689][  0]LogPakFile: PakFile FullDirectoryIndexSize=144
[2023.07.09-09.55.03:689][  0]LogShaderLibrary: Display: ShaderCodeLibraryPakFileMountedCallback: PakFile 'C:/Program Files/Epic Games/UE_4.27/FeaturePacks/TP_RollingBP.upack' (chunk index -1, root 'root:/') mounted
[2023.07.09-09.55.03:689][  0]LogShaderLibrary: Display: ShaderCodeLibraryPakFileMountedCallback: pending pak file info (ChunkID:-1 Root:root:/ File:C:/Program Files/Epic Games/UE_4.27/FeaturePacks/TP_RollingBP.upack)
[2023.07.09-09.55.03:689][  0]LogPakFile: OnPakFileMounted2Time == 0.000055
[2023.07.09-09.55.03:690][  0]LogPakFile: PakFile PrimaryIndexSize=188
[2023.07.09-09.55.03:690][  0]LogPakFile: PakFile PathHashIndexSize=101
[2023.07.09-09.55.03:690][  0]LogPakFile: PakFile FullDirectoryIndexSize=150
[2023.07.09-09.55.03:690][  0]LogShaderLibrary: Display: ShaderCodeLibraryPakFileMountedCallback: PakFile 'C:/Program Files/Epic Games/UE_4.27/FeaturePacks/TP_SideScroller.upack' (chunk index -1, root 'root:/') mounted
[2023.07.09-09.55.03:690][  0]LogShaderLibrary: Display: ShaderCodeLibraryPakFileMountedCallback: pending pak file info (ChunkID:-1 Root:root:/ File:C:/Program Files/Epic Games/UE_4.27/FeaturePacks/TP_SideScroller.upack)
[2023.07.09-09.55.03:690][  0]LogPakFile: OnPakFileMounted2Time == 0.000049
[2023.07.09-09.55.03:691][  0]LogPakFile: PakFile PrimaryIndexSize=190
[2023.07.09-09.55.03:691][  0]LogPakFile: PakFile PathHashIndexSize=101
[2023.07.09-09.55.03:691][  0]LogPakFile: PakFile FullDirectoryIndexSize=154
[2023.07.09-09.55.03:691][  0]LogShaderLibrary: Display: ShaderCodeLibraryPakFileMountedCallback: PakFile 'C:/Program Files/Epic Games/UE_4.27/FeaturePacks/TP_SideScrollerBP.upack' (chunk index -1, root 'root:/') mounted
[2023.07.09-09.55.03:691][  0]LogShaderLibrary: Display: ShaderCodeLibraryPakFileMountedCallback: pending pak file info (ChunkID:-1 Root:root:/ File:C:/Program Files/Epic Games/UE_4.27/FeaturePacks/TP_SideScrollerBP.upack)
[2023.07.09-09.55.03:691][  0]LogPakFile: OnPakFileMounted2Time == 0.000049
[2023.07.09-09.55.03:691][  0]LogPakFile: PakFile PrimaryIndexSize=187
[2023.07.09-09.55.03:691][  0]LogPakFile: PakFile PathHashIndexSize=101
[2023.07.09-09.55.03:691][  0]LogPakFile: PakFile FullDirectoryIndexSize=148
[2023.07.09-09.55.03:691][  0]LogShaderLibrary: Display: ShaderCodeLibraryPakFileMountedCallback: PakFile 'C:/Program Files/Epic Games/UE_4.27/FeaturePacks/TP_ThirdPerson.upack' (chunk index -1, root 'root:/') mounted
[2023.07.09-09.55.03:691][  0]LogShaderLibrary: Display: ShaderCodeLibraryPakFileMountedCallback: pending pak file info (ChunkID:-1 Root:root:/ File:C:/Program Files/Epic Games/UE_4.27/FeaturePacks/TP_ThirdPerson.upack)
[2023.07.09-09.55.03:692][  0]LogPakFile: OnPakFileMounted2Time == 0.000069
[2023.07.09-09.55.03:692][  0]LogPakFile: PakFile PrimaryIndexSize=189
[2023.07.09-09.55.03:692][  0]LogPakFile: PakFile PathHashIndexSize=101
[2023.07.09-09.55.03:692][  0]LogPakFile: PakFile FullDirectoryIndexSize=152
[2023.07.09-09.55.03:692][  0]LogShaderLibrary: Display: ShaderCodeLibraryPakFileMountedCallback: PakFile 'C:/Program Files/Epic Games/UE_4.27/FeaturePacks/TP_ThirdPersonBP.upack' (chunk index -1, root 'root:/') mounted
[2023.07.09-09.55.03:692][  0]LogShaderLibrary: Display: ShaderCodeLibraryPakFileMountedCallback: pending pak file info (ChunkID:-1 Root:root:/ File:C:/Program Files/Epic Games/UE_4.27/FeaturePacks/TP_ThirdPersonBP.upack)
[2023.07.09-09.55.03:692][  0]LogPakFile: OnPakFileMounted2Time == 0.000057
[2023.07.09-09.55.03:693][  0]LogPakFile: PakFile PrimaryIndexSize=183
[2023.07.09-09.55.03:693][  0]LogPakFile: PakFile PathHashIndexSize=101
[2023.07.09-09.55.03:693][  0]LogPakFile: PakFile FullDirectoryIndexSize=140
[2023.07.09-09.55.03:693][  0]LogShaderLibrary: Display: ShaderCodeLibraryPakFileMountedCallback: PakFile 'C:/Program Files/Epic Games/UE_4.27/FeaturePacks/TP_TopDown.upack' (chunk index -1, root 'root:/') mounted
[2023.07.09-09.55.03:693][  0]LogShaderLibrary: Display: ShaderCodeLibraryPakFileMountedCallback: pending pak file info (ChunkID:-1 Root:root:/ File:C:/Program Files/Epic Games/UE_4.27/FeaturePacks/TP_TopDown.upack)
[2023.07.09-09.55.03:693][  0]LogPakFile: OnPakFileMounted2Time == 0.000062
[2023.07.09-09.55.03:694][  0]LogPakFile: PakFile PrimaryIndexSize=185
[2023.07.09-09.55.03:694][  0]LogPakFile: PakFile PathHashIndexSize=101
[2023.07.09-09.55.03:694][  0]LogPakFile: PakFile FullDirectoryIndexSize=144
[2023.07.09-09.55.03:694][  0]LogShaderLibrary: Display: ShaderCodeLibraryPakFileMountedCallback: PakFile 'C:/Program Files/Epic Games/UE_4.27/FeaturePacks/TP_TopDownBP.upack' (chunk index -1, root 'root:/') mounted
[2023.07.09-09.55.03:694][  0]LogShaderLibrary: Display: ShaderCodeLibraryPakFileMountedCallback: pending pak file info (ChunkID:-1 Root:root:/ File:C:/Program Files/Epic Games/UE_4.27/FeaturePacks/TP_TopDownBP.upack)
[2023.07.09-09.55.03:694][  0]LogPakFile: OnPakFileMounted2Time == 0.000054
[2023.07.09-09.55.03:695][  0]LogPakFile: PakFile PrimaryIndexSize=185
[2023.07.09-09.55.03:695][  0]LogPakFile: PakFile PathHashIndexSize=101
[2023.07.09-09.55.03:695][  0]LogPakFile: PakFile FullDirectoryIndexSize=144
[2023.07.09-09.55.03:695][  0]LogShaderLibrary: Display: ShaderCodeLibraryPakFileMountedCallback: PakFile 'C:/Program Files/Epic Games/UE_4.27/FeaturePacks/TP_TwinStick.upack' (chunk index -1, root 'root:/') mounted
[2023.07.09-09.55.03:695][  0]LogShaderLibrary: Display: ShaderCodeLibraryPakFileMountedCallback: pending pak file info (ChunkID:-1 Root:root:/ File:C:/Program Files/Epic Games/UE_4.27/FeaturePacks/TP_TwinStick.upack)
[2023.07.09-09.55.03:696][  0]LogPakFile: OnPakFileMounted2Time == 0.000113
[2023.07.09-09.55.03:697][  0]LogPakFile: PakFile PrimaryIndexSize=187
[2023.07.09-09.55.03:697][  0]LogPakFile: PakFile PathHashIndexSize=101
[2023.07.09-09.55.03:697][  0]LogPakFile: PakFile FullDirectoryIndexSize=148
[2023.07.09-09.55.03:697][  0]LogShaderLibrary: Display: ShaderCodeLibraryPakFileMountedCallback: PakFile 'C:/Program Files/Epic Games/UE_4.27/FeaturePacks/TP_TwinStickBP.upack' (chunk index -1, root 'root:/') mounted
[2023.07.09-09.55.03:697][  0]LogShaderLibrary: Display: ShaderCodeLibraryPakFileMountedCallback: pending pak file info (ChunkID:-1 Root:root:/ File:C:/Program Files/Epic Games/UE_4.27/FeaturePacks/TP_TwinStickBP.upack)
[2023.07.09-09.55.03:697][  0]LogPakFile: OnPakFileMounted2Time == 0.000107
[2023.07.09-09.55.03:698][  0]LogPakFile: PakFile PrimaryIndexSize=183
[2023.07.09-09.55.03:698][  0]LogPakFile: PakFile PathHashIndexSize=101
[2023.07.09-09.55.03:698][  0]LogPakFile: PakFile FullDirectoryIndexSize=140
[2023.07.09-09.55.03:698][  0]LogShaderLibrary: Display: ShaderCodeLibraryPakFileMountedCallback: PakFile 'C:/Program Files/Epic Games/UE_4.27/FeaturePacks/TP_Vehicle.upack' (chunk index -1, root 'root:/') mounted
[2023.07.09-09.55.03:698][  0]LogShaderLibrary: Display: ShaderCodeLibraryPakFileMountedCallback: pending pak file info (ChunkID:-1 Root:root:/ File:C:/Program Files/Epic Games/UE_4.27/FeaturePacks/TP_Vehicle.upack)
[2023.07.09-09.55.03:699][  0]LogPakFile: OnPakFileMounted2Time == 0.000108
[2023.07.09-09.55.03:700][  0]LogPakFile: PakFile PrimaryIndexSize=186
[2023.07.09-09.55.03:700][  0]LogPakFile: PakFile PathHashIndexSize=101
[2023.07.09-09.55.03:700][  0]LogPakFile: PakFile FullDirectoryIndexSize=146
[2023.07.09-09.55.03:700][  0]LogShaderLibrary: Display: ShaderCodeLibraryPakFileMountedCallback: PakFile 'C:/Program Files/Epic Games/UE_4.27/FeaturePacks/TP_VehicleAdv.upack' (chunk index -1, root 'root:/') mounted
[2023.07.09-09.55.03:700][  0]LogShaderLibrary: Display: ShaderCodeLibraryPakFileMountedCallback: pending pak file info (ChunkID:-1 Root:root:/ File:C:/Program Files/Epic Games/UE_4.27/FeaturePacks/TP_VehicleAdv.upack)
[2023.07.09-09.55.03:700][  0]LogPakFile: OnPakFileMounted2Time == 0.000101
[2023.07.09-09.55.03:701][  0]LogPakFile: PakFile PrimaryIndexSize=188
[2023.07.09-09.55.03:701][  0]LogPakFile: PakFile PathHashIndexSize=101
[2023.07.09-09.55.03:701][  0]LogPakFile: PakFile FullDirectoryIndexSize=150
[2023.07.09-09.55.03:701][  0]LogShaderLibrary: Display: ShaderCodeLibraryPakFileMountedCallback: PakFile 'C:/Program Files/Epic Games/UE_4.27/FeaturePacks/TP_VehicleAdvBP.upack' (chunk index -1, root 'root:/') mounted
[2023.07.09-09.55.03:701][  0]LogShaderLibrary: Display: ShaderCodeLibraryPakFileMountedCallback: pending pak file info (ChunkID:-1 Root:root:/ File:C:/Program Files/Epic Games/UE_4.27/FeaturePacks/TP_VehicleAdvBP.upack)
[2023.07.09-09.55.03:701][  0]LogPakFile: OnPakFileMounted2Time == 0.000057
[2023.07.09-09.55.03:703][  0]LogPakFile: PakFile PrimaryIndexSize=185
[2023.07.09-09.55.03:703][  0]LogPakFile: PakFile PathHashIndexSize=101
[2023.07.09-09.55.03:703][  0]LogPakFile: PakFile FullDirectoryIndexSize=144
[2023.07.09-09.55.03:703][  0]LogShaderLibrary: Display: ShaderCodeLibraryPakFileMountedCallback: PakFile 'C:/Program Files/Epic Games/UE_4.27/FeaturePacks/TP_VehicleBP.upack' (chunk index -1, root 'root:/') mounted
[2023.07.09-09.55.03:703][  0]LogShaderLibrary: Display: ShaderCodeLibraryPakFileMountedCallback: pending pak file info (ChunkID:-1 Root:root:/ File:C:/Program Files/Epic Games/UE_4.27/FeaturePacks/TP_VehicleBP.upack)
[2023.07.09-09.55.03:703][  0]LogPakFile: OnPakFileMounted2Time == 0.000120
[2023.07.09-09.55.03:704][  0]LogPakFile: PakFile PrimaryIndexSize=192
[2023.07.09-09.55.03:704][  0]LogPakFile: PakFile PathHashIndexSize=101
[2023.07.09-09.55.03:704][  0]LogPakFile: PakFile FullDirectoryIndexSize=158
[2023.07.09-09.55.03:704][  0]LogShaderLibrary: Display: ShaderCodeLibraryPakFileMountedCallback: PakFile 'C:/Program Files/Epic Games/UE_4.27/FeaturePacks/TP_VirtualRealityBP.upack' (chunk index -1, root 'root:/') mounted
[2023.07.09-09.55.03:705][  0]LogShaderLibrary: Display: ShaderCodeLibraryPakFileMountedCallback: pending pak file info (ChunkID:-1 Root:root:/ File:C:/Program Files/Epic Games/UE_4.27/FeaturePacks/TP_VirtualRealityBP.upack)
[2023.07.09-09.55.03:705][  0]LogPakFile: OnPakFileMounted2Time == 0.000113
[2023.07.09-09.55.03:778][  0]LogNativeClassHierarchy: Verbose: Native class hierarchy updated for 'AddContentDialog' in 0.0005 seconds. Added 0 classes and 0 folders.
[2023.07.09-09.55.03:780][  0]LogNativeClassHierarchy: Verbose: Native class hierarchy updated for 'SceneOutliner' in 0.0005 seconds. Added 2 classes and 0 folders.
[2023.07.09-09.55.03:920][  0]LogSlate: Took 0.000340 seconds to synchronously load lazily loaded font '../../../Engine/Content/Slate/Fonts/Roboto-Regular.ttf' (155K)
[2023.07.09-09.55.03:921][  0]LogSlate: Took 0.000348 seconds to synchronously load lazily loaded font '../../../Engine/Content/Editor/Slate/Fonts/FontAwesome.ttf' (139K)
[2023.07.09-09.55.03:926][  0]LogSlate: Took 0.000577 seconds to synchronously load lazily loaded font '../../../Engine/Content/Slate/Fonts/Roboto-Bold.ttf' (160K)
[2023.07.09-09.55.04:097][  0]LogRenderer: Reallocating scene render targets to support 964x356 Format 10 NumSamples 1 (Frame:1).
[2023.07.09-09.55.04:255][  0]LogNativeClassHierarchy: Verbose: Native class hierarchy updated for 'HierarchicalLODOutliner' in 0.0004 seconds. Added 0 classes and 0 folders.
[2023.07.09-09.55.04:256][  0]LogLoad: (Engine Initialization) Total time: 13.64 seconds
[2023.07.09-09.55.04:256][  0]LogLoad: (Engine Initialization) Total Blueprint compile time: 0.00 seconds
[2023.07.09-09.55.04:324][  0]LogContentStreaming: Texture pool size now 1000 MB
[2023.07.09-09.55.04:455][  1]LogAssetRegistry: Asset discovery search completed in 8.2393 seconds
[2023.07.09-09.55.04:470][  1]LogCollectionManager: Fixed up redirectors for 0 collections in 0.000006 seconds (updated 0 objects)
[2023.07.09-09.55.35:113][792]LogSlate: Took 0.000236 seconds to synchronously load lazily loaded font '../../../Engine/Content/Slate/Fonts/Roboto-Light.ttf' (167K)
[2023.07.09-09.55.41:200][129]LogSlate: Took 0.000266 seconds to synchronously load lazily loaded font '../../../Engine/Content/Slate/Fonts/Roboto-Light.ttf' (167K)
[2023.07.09-09.55.50:063][638]LogSlate: Window 'Color Picker' being destroyed
[2023.07.09-09.55.54:832][899]LogContentBrowser: Attempting asset rename: NewFolder -> Main
[2023.07.09-10.01.10:950][455]LogSlate: Window 'Color Picker' being destroyed
[2023.07.09-10.05.12:419][943]LogContentBrowser: Deferred new asset folder creation: NewFolder
[2023.07.09-10.05.12:450][943]LogContentBrowser: Creating deferred item: NewFolder
[2023.07.09-10.05.17:536][183]LogContentBrowser: Attempting asset rename: NewFolder -> Blueprinty
[2023.07.09-10.05.17:540][183]LogContentBrowser: End creating deferred item NewFolder
[2023.07.09-10.05.29:490][888]LogSlate: Window 'Color Picker' being destroyed
[2023.07.09-10.05.38:683][470]LogSlate: Window 'Color Picker' being destroyed
[2023.07.09-10.07.32:841][576]LogSlate: Only BGRA pngs, bmps or icos are supported in by External Image Picker
[2023.07.09-10.08.43:347][867]LogUObjectHash: Compacting FUObjectHashTables data took   1.14ms
